{"/home/lauro/ai-system-2.0/src/prisma.js": {"path":"/home/lauro/ai-system-2.0/src/prisma.js","statementMap":{"0":{"start":{"line":1,"column":25},"end":{"line":1,"column":50}},"1":{"start":{"line":3,"column":15},"end":{"line":3,"column":33}},"2":{"start":{"line":5,"column":0},"end":{"line":5,"column":23}}},"fnMap":{},"branchMap":{},"s":{"0":1,"1":1,"2":1},"f":{},"b":{},"_coverageSchema":"1a1c01bbd47fc00a2c39e90264f33305004495a9","hash":"30498d3f5dad2c37ed302f5df66cb83d3f764d6a"}
,"/home/lauro/ai-system-2.0/src/config/ai.js": {"path":"/home/lauro/ai-system-2.0/src/config/ai.js","statementMap":{"0":{"start":{"line":1,"column":0},"end":{"line":19,"column":2}}},"fnMap":{},"branchMap":{"0":{"loc":{"start":{"line":3,"column":14},"end":{"line":3,"column":56}},"type":"binary-expr","locations":[{"start":{"line":3,"column":14},"end":{"line":3,"column":42}},{"start":{"line":3,"column":46},"end":{"line":3,"column":56}}],"line":3},"1":{"loc":{"start":{"line":5,"column":11},"end":{"line":5,"column":65}},"type":"binary-expr","locations":[{"start":{"line":5,"column":11},"end":{"line":5,"column":36}},{"start":{"line":5,"column":40},"end":{"line":5,"column":65}}],"line":5},"2":{"loc":{"start":{"line":8,"column":8},"end":{"line":8,"column":46}},"type":"binary-expr","locations":[{"start":{"line":8,"column":8},"end":{"line":8,"column":39}},{"start":{"line":8,"column":43},"end":{"line":8,"column":46}}],"line":8},"3":{"loc":{"start":{"line":12,"column":8},"end":{"line":12,"column":46}},"type":"binary-expr","locations":[{"start":{"line":12,"column":8},"end":{"line":12,"column":38}},{"start":{"line":12,"column":42},"end":{"line":12,"column":46}}],"line":12},"4":{"loc":{"start":{"line":16,"column":8},"end":{"line":16,"column":44}},"type":"binary-expr","locations":[{"start":{"line":16,"column":8},"end":{"line":16,"column":35}},{"start":{"line":16,"column":39},"end":{"line":16,"column":44}}],"line":16}},"s":{"0":2},"f":{},"b":{"0":[2,0],"1":[2,0],"2":[2,0],"3":[2,0],"4":[2,0]},"_coverageSchema":"1a1c01bbd47fc00a2c39e90264f33305004495a9","hash":"7600e019fae854ea72676d40daf0c37537e48ef4"}
,"/home/lauro/ai-system-2.0/src/core/Agent.js": {"path":"/home/lauro/ai-system-2.0/src/core/Agent.js","statementMap":{"0":{"start":{"line":5,"column":8},"end":{"line":5,"column":28}},"1":{"start":{"line":7,"column":8},"end":{"line":7,"column":32}},"2":{"start":{"line":9,"column":8},"end":{"line":9,"column":52}},"3":{"start":{"line":12,"column":8},"end":{"line":12,"column":42}},"4":{"start":{"line":15,"column":8},"end":{"line":15,"column":46}},"5":{"start":{"line":18,"column":8},"end":{"line":20,"column":17}},"6":{"start":{"line":23,"column":8},"end":{"line":23,"column":48}},"7":{"start":{"line":25,"column":8},"end":{"line":25,"column":42}},"8":{"start":{"line":27,"column":8},"end":{"line":27,"column":53}},"9":{"start":{"line":29,"column":8},"end":{"line":29,"column":50}},"10":{"start":{"line":32,"column":8},"end":{"line":32,"column":46}},"11":{"start":{"line":34,"column":8},"end":{"line":34,"column":52}},"12":{"start":{"line":37,"column":8},"end":{"line":37,"column":48}},"13":{"start":{"line":39,"column":8},"end":{"line":39,"column":49}},"14":{"start":{"line":41,"column":8},"end":{"line":41,"column":46}},"15":{"start":{"line":50,"column":8},"end":{"line":50,"column":23}},"16":{"start":{"line":54,"column":8},"end":{"line":54,"column":25}},"17":{"start":{"line":58,"column":8},"end":{"line":58,"column":32}},"18":{"start":{"line":62,"column":8},"end":{"line":62,"column":27}},"19":{"start":{"line":66,"column":8},"end":{"line":66,"column":29}},"20":{"start":{"line":74,"column":8},"end":{"line":74,"column":29}},"21":{"start":{"line":78,"column":8},"end":{"line":78,"column":26}},"22":{"start":{"line":82,"column":8},"end":{"line":82,"column":32}},"23":{"start":{"line":86,"column":8},"end":{"line":86,"column":30}},"24":{"start":{"line":94,"column":8},"end":{"line":94,"column":26}},"25":{"start":{"line":99,"column":8},"end":{"line":107,"column":11}},"26":{"start":{"line":101,"column":12},"end":{"line":103,"column":13}},"27":{"start":{"line":102,"column":16},"end":{"line":102,"column":37}},"28":{"start":{"line":105,"column":12},"end":{"line":105,"column":38}},"29":{"start":{"line":113,"column":8},"end":{"line":113,"column":30}},"30":{"start":{"line":119,"column":8},"end":{"line":127,"column":11}},"31":{"start":{"line":121,"column":12},"end":{"line":123,"column":13}},"32":{"start":{"line":122,"column":16},"end":{"line":122,"column":37}},"33":{"start":{"line":125,"column":12},"end":{"line":125,"column":38}},"34":{"start":{"line":136,"column":8},"end":{"line":136,"column":32}},"35":{"start":{"line":141,"column":8},"end":{"line":141,"column":53}},"36":{"start":{"line":150,"column":8},"end":{"line":150,"column":27}},"37":{"start":{"line":154,"column":8},"end":{"line":154,"column":28}},"38":{"start":{"line":158,"column":8},"end":{"line":158,"column":28}},"39":{"start":{"line":162,"column":8},"end":{"line":162,"column":29}},"40":{"start":{"line":171,"column":8},"end":{"line":203,"column":10}},"41":{"start":{"line":209,"column":0},"end":{"line":209,"column":23}}},"fnMap":{"0":{"name":"(anonymous_0)","decl":{"start":{"line":3,"column":4},"end":{"line":3,"column":5}},"loc":{"start":{"line":3,"column":29},"end":{"line":43,"column":5}},"line":3},"1":{"name":"(anonymous_1)","decl":{"start":{"line":49,"column":4},"end":{"line":49,"column":5}},"loc":{"start":{"line":49,"column":12},"end":{"line":51,"column":5}},"line":49},"2":{"name":"(anonymous_2)","decl":{"start":{"line":53,"column":4},"end":{"line":53,"column":5}},"loc":{"start":{"line":53,"column":14},"end":{"line":55,"column":5}},"line":53},"3":{"name":"(anonymous_3)","decl":{"start":{"line":57,"column":4},"end":{"line":57,"column":5}},"loc":{"start":{"line":57,"column":21},"end":{"line":59,"column":5}},"line":57},"4":{"name":"(anonymous_4)","decl":{"start":{"line":61,"column":4},"end":{"line":61,"column":5}},"loc":{"start":{"line":61,"column":20},"end":{"line":63,"column":5}},"line":61},"5":{"name":"(anonymous_5)","decl":{"start":{"line":65,"column":4},"end":{"line":65,"column":5}},"loc":{"start":{"line":65,"column":18},"end":{"line":67,"column":5}},"line":65},"6":{"name":"(anonymous_6)","decl":{"start":{"line":73,"column":4},"end":{"line":73,"column":5}},"loc":{"start":{"line":73,"column":18},"end":{"line":75,"column":5}},"line":73},"7":{"name":"(anonymous_7)","decl":{"start":{"line":77,"column":4},"end":{"line":77,"column":5}},"loc":{"start":{"line":77,"column":15},"end":{"line":79,"column":5}},"line":77},"8":{"name":"(anonymous_8)","decl":{"start":{"line":81,"column":4},"end":{"line":81,"column":5}},"loc":{"start":{"line":81,"column":21},"end":{"line":83,"column":5}},"line":81},"9":{"name":"(anonymous_9)","decl":{"start":{"line":85,"column":4},"end":{"line":85,"column":5}},"loc":{"start":{"line":85,"column":19},"end":{"line":87,"column":5}},"line":85},"10":{"name":"(anonymous_10)","decl":{"start":{"line":93,"column":4},"end":{"line":93,"column":5}},"loc":{"start":{"line":93,"column":15},"end":{"line":95,"column":5}},"line":93},"11":{"name":"(anonymous_11)","decl":{"start":{"line":97,"column":4},"end":{"line":97,"column":5}},"loc":{"start":{"line":97,"column":18},"end":{"line":109,"column":5}},"line":97},"12":{"name":"(anonymous_12)","decl":{"start":{"line":99,"column":31},"end":{"line":99,"column":32}},"loc":{"start":{"line":99,"column":39},"end":{"line":107,"column":9}},"line":99},"13":{"name":"(anonymous_13)","decl":{"start":{"line":111,"column":4},"end":{"line":111,"column":5}},"loc":{"start":{"line":111,"column":18},"end":{"line":115,"column":5}},"line":111},"14":{"name":"(anonymous_14)","decl":{"start":{"line":117,"column":4},"end":{"line":117,"column":5}},"loc":{"start":{"line":117,"column":21},"end":{"line":129,"column":5}},"line":117},"15":{"name":"(anonymous_15)","decl":{"start":{"line":119,"column":39},"end":{"line":119,"column":40}},"loc":{"start":{"line":119,"column":47},"end":{"line":127,"column":9}},"line":119},"16":{"name":"(anonymous_16)","decl":{"start":{"line":135,"column":4},"end":{"line":135,"column":5}},"loc":{"start":{"line":135,"column":21},"end":{"line":137,"column":5}},"line":135},"17":{"name":"(anonymous_17)","decl":{"start":{"line":139,"column":4},"end":{"line":139,"column":5}},"loc":{"start":{"line":139,"column":30},"end":{"line":143,"column":5}},"line":139},"18":{"name":"(anonymous_18)","decl":{"start":{"line":149,"column":4},"end":{"line":149,"column":5}},"loc":{"start":{"line":149,"column":16},"end":{"line":151,"column":5}},"line":149},"19":{"name":"(anonymous_19)","decl":{"start":{"line":153,"column":4},"end":{"line":153,"column":5}},"loc":{"start":{"line":153,"column":16},"end":{"line":155,"column":5}},"line":153},"20":{"name":"(anonymous_20)","decl":{"start":{"line":157,"column":4},"end":{"line":157,"column":5}},"loc":{"start":{"line":157,"column":17},"end":{"line":159,"column":5}},"line":157},"21":{"name":"(anonymous_21)","decl":{"start":{"line":161,"column":4},"end":{"line":161,"column":5}},"loc":{"start":{"line":161,"column":18},"end":{"line":163,"column":5}},"line":161},"22":{"name":"(anonymous_22)","decl":{"start":{"line":169,"column":4},"end":{"line":169,"column":5}},"loc":{"start":{"line":169,"column":13},"end":{"line":205,"column":5}},"line":169}},"branchMap":{"0":{"loc":{"start":{"line":3,"column":16},"end":{"line":3,"column":27}},"type":"default-arg","locations":[{"start":{"line":3,"column":25},"end":{"line":3,"column":27}}],"line":3},"1":{"loc":{"start":{"line":9,"column":27},"end":{"line":9,"column":51}},"type":"binary-expr","locations":[{"start":{"line":9,"column":27},"end":{"line":9,"column":45}},{"start":{"line":9,"column":49},"end":{"line":9,"column":51}}],"line":9},"2":{"loc":{"start":{"line":12,"column":22},"end":{"line":12,"column":41}},"type":"binary-expr","locations":[{"start":{"line":12,"column":22},"end":{"line":12,"column":35}},{"start":{"line":12,"column":39},"end":{"line":12,"column":41}}],"line":12},"3":{"loc":{"start":{"line":15,"column":24},"end":{"line":15,"column":45}},"type":"binary-expr","locations":[{"start":{"line":15,"column":24},"end":{"line":15,"column":39}},{"start":{"line":15,"column":43},"end":{"line":15,"column":45}}],"line":15},"4":{"loc":{"start":{"line":18,"column":21},"end":{"line":20,"column":16}},"type":"cond-expr","locations":[{"start":{"line":19,"column":14},"end":{"line":19,"column":26}},{"start":{"line":20,"column":14},"end":{"line":20,"column":16}}],"line":18},"5":{"loc":{"start":{"line":23,"column":24},"end":{"line":23,"column":47}},"type":"binary-expr","locations":[{"start":{"line":23,"column":24},"end":{"line":23,"column":39}},{"start":{"line":23,"column":43},"end":{"line":23,"column":47}}],"line":23},"6":{"loc":{"start":{"line":25,"column":21},"end":{"line":25,"column":41}},"type":"binary-expr","locations":[{"start":{"line":25,"column":21},"end":{"line":25,"column":33}},{"start":{"line":25,"column":37},"end":{"line":25,"column":41}}],"line":25},"7":{"loc":{"start":{"line":27,"column":27},"end":{"line":27,"column":52}},"type":"binary-expr","locations":[{"start":{"line":27,"column":27},"end":{"line":27,"column":45}},{"start":{"line":27,"column":49},"end":{"line":27,"column":52}}],"line":27},"8":{"loc":{"start":{"line":29,"column":25},"end":{"line":29,"column":49}},"type":"binary-expr","locations":[{"start":{"line":29,"column":25},"end":{"line":29,"column":41}},{"start":{"line":29,"column":45},"end":{"line":29,"column":49}}],"line":29},"9":{"loc":{"start":{"line":34,"column":27},"end":{"line":34,"column":51}},"type":"binary-expr","locations":[{"start":{"line":34,"column":27},"end":{"line":34,"column":45}},{"start":{"line":34,"column":49},"end":{"line":34,"column":51}}],"line":34},"10":{"loc":{"start":{"line":39,"column":23},"end":{"line":39,"column":48}},"type":"binary-expr","locations":[{"start":{"line":39,"column":23},"end":{"line":39,"column":37}},{"start":{"line":39,"column":41},"end":{"line":39,"column":48}}],"line":39},"11":{"loc":{"start":{"line":41,"column":24},"end":{"line":41,"column":45}},"type":"binary-expr","locations":[{"start":{"line":41,"column":24},"end":{"line":41,"column":39}},{"start":{"line":41,"column":43},"end":{"line":41,"column":45}}],"line":41},"12":{"loc":{"start":{"line":101,"column":12},"end":{"line":103,"column":13}},"type":"if","locations":[{"start":{"line":101,"column":12},"end":{"line":103,"column":13}},{"start":{},"end":{}}],"line":101},"13":{"loc":{"start":{"line":121,"column":12},"end":{"line":123,"column":13}},"type":"if","locations":[{"start":{"line":121,"column":12},"end":{"line":123,"column":13}},{"start":{},"end":{}}],"line":121}},"s":{"0":6,"1":6,"2":6,"3":6,"4":6,"5":6,"6":6,"7":6,"8":6,"9":6,"10":6,"11":6,"12":6,"13":6,"14":6,"15":9,"16":0,"17":0,"18":0,"19":0,"20":0,"21":0,"22":0,"23":0,"24":0,"25":0,"26":0,"27":0,"28":0,"29":0,"30":0,"31":0,"32":0,"33":0,"34":0,"35":0,"36":0,"37":0,"38":0,"39":0,"40":0,"41":1},"f":{"0":6,"1":9,"2":0,"3":0,"4":0,"5":0,"6":0,"7":0,"8":0,"9":0,"10":0,"11":0,"12":0,"13":0,"14":0,"15":0,"16":0,"17":0,"18":0,"19":0,"20":0,"21":0,"22":0},"b":{"0":[0],"1":[6,6],"2":[6,6],"3":[6,6],"4":[0,6],"5":[6,6],"6":[6,6],"7":[6,6],"8":[6,6],"9":[6,6],"10":[6,6],"11":[6,6],"12":[0,0],"13":[0,0]},"_coverageSchema":"1a1c01bbd47fc00a2c39e90264f33305004495a9","hash":"2bf85d4a4086aeb1346a1bff5221277718aa3c19"}
,"/home/lauro/ai-system-2.0/src/core/AgentRegistry.js": {"path":"/home/lauro/ai-system-2.0/src/core/AgentRegistry.js","statementMap":{"0":{"start":{"line":4,"column":8},"end":{"line":4,"column":32}},"1":{"start":{"line":9,"column":8},"end":{"line":9,"column":46}},"2":{"start":{"line":15,"column":8},"end":{"line":15,"column":35}},"3":{"start":{"line":21,"column":8},"end":{"line":21,"column":35}},"4":{"start":{"line":27,"column":8},"end":{"line":27,"column":31}},"5":{"start":{"line":33,"column":8},"end":{"line":33,"column":28}},"6":{"start":{"line":39,"column":8},"end":{"line":39,"column":41}},"7":{"start":{"line":45,"column":0},"end":{"line":45,"column":37}}},"fnMap":{"0":{"name":"(anonymous_0)","decl":{"start":{"line":3,"column":4},"end":{"line":3,"column":5}},"loc":{"start":{"line":3,"column":18},"end":{"line":5,"column":5}},"line":3},"1":{"name":"(anonymous_1)","decl":{"start":{"line":7,"column":4},"end":{"line":7,"column":5}},"loc":{"start":{"line":7,"column":20},"end":{"line":11,"column":5}},"line":7},"2":{"name":"(anonymous_2)","decl":{"start":{"line":13,"column":4},"end":{"line":13,"column":5}},"loc":{"start":{"line":13,"column":12},"end":{"line":17,"column":5}},"line":13},"3":{"name":"(anonymous_3)","decl":{"start":{"line":19,"column":4},"end":{"line":19,"column":5}},"loc":{"start":{"line":19,"column":12},"end":{"line":23,"column":5}},"line":19},"4":{"name":"(anonymous_4)","decl":{"start":{"line":25,"column":4},"end":{"line":25,"column":5}},"loc":{"start":{"line":25,"column":15},"end":{"line":29,"column":5}},"line":25},"5":{"name":"(anonymous_5)","decl":{"start":{"line":31,"column":4},"end":{"line":31,"column":5}},"loc":{"start":{"line":31,"column":12},"end":{"line":35,"column":5}},"line":31},"6":{"name":"(anonymous_6)","decl":{"start":{"line":37,"column":4},"end":{"line":37,"column":5}},"loc":{"start":{"line":37,"column":11},"end":{"line":41,"column":5}},"line":37}},"branchMap":{},"s":{"0":2,"1":6,"2":3,"3":0,"4":0,"5":3,"6":0,"7":2},"f":{"0":2,"1":6,"2":3,"3":0,"4":0,"5":3,"6":0},"b":{},"_coverageSchema":"1a1c01bbd47fc00a2c39e90264f33305004495a9","hash":"d7ef7b923a6cc75c8081e2c9b812a3e097ce2241"}
,"/home/lauro/ai-system-2.0/src/core/ChatPipeline.js": {"path":"/home/lauro/ai-system-2.0/src/core/ChatPipeline.js","statementMap":{"0":{"start":{"line":1,"column":23},"end":{"line":1,"column":50}},"1":{"start":{"line":2,"column":22},"end":{"line":2,"column":48}},"2":{"start":{"line":3,"column":23},"end":{"line":3,"column":50}},"3":{"start":{"line":4,"column":22},"end":{"line":4,"column":48}},"4":{"start":{"line":5,"column":20},"end":{"line":5,"column":44}},"5":{"start":{"line":6,"column":20},"end":{"line":6,"column":53}},"6":{"start":{"line":7,"column":24},"end":{"line":7,"column":63}},"7":{"start":{"line":8,"column":17},"end":{"line":8,"column":40}},"8":{"start":{"line":9,"column":20},"end":{"line":9,"column":54}},"9":{"start":{"line":10,"column":22},"end":{"line":10,"column":58}},"10":{"start":{"line":17,"column":24},"end":{"line":17,"column":61}},"11":{"start":{"line":22,"column":21},"end":{"line":25,"column":10}},"12":{"start":{"line":30,"column":23},"end":{"line":32,"column":10}},"13":{"start":{"line":37,"column":23},"end":{"line":41,"column":10}},"14":{"start":{"line":43,"column":8},"end":{"line":43,"column":67}},"15":{"start":{"line":44,"column":8},"end":{"line":44,"column":93}},"16":{"start":{"line":45,"column":8},"end":{"line":45,"column":92}},"17":{"start":{"line":46,"column":8},"end":{"line":46,"column":66}},"18":{"start":{"line":51,"column":22},"end":{"line":56,"column":10}},"19":{"start":{"line":61,"column":8},"end":{"line":61,"column":56}},"20":{"start":{"line":66,"column":23},"end":{"line":66,"column":54}},"21":{"start":{"line":71,"column":24},"end":{"line":79,"column":10}},"22":{"start":{"line":84,"column":22},"end":{"line":84,"column":55}},"23":{"start":{"line":89,"column":29},"end":{"line":89,"column":69}},"24":{"start":{"line":90,"column":25},"end":{"line":90,"column":62}},"25":{"start":{"line":96,"column":12},"end":{"line":98,"column":22}},"26":{"start":{"line":103,"column":31},"end":{"line":120,"column":10}},"27":{"start":{"line":126,"column":12},"end":{"line":132,"column":17}},"28":{"start":{"line":135,"column":12},"end":{"line":137,"column":20}},"29":{"start":{"line":142,"column":8},"end":{"line":145,"column":11}},"30":{"start":{"line":150,"column":8},"end":{"line":153,"column":11}},"31":{"start":{"line":158,"column":8},"end":{"line":170,"column":10}},"32":{"start":{"line":174,"column":0},"end":{"line":174,"column":36}}},"fnMap":{"0":{"name":"(anonymous_0)","decl":{"start":{"line":13,"column":4},"end":{"line":13,"column":5}},"loc":{"start":{"line":13,"column":27},"end":{"line":171,"column":5}},"line":13}},"branchMap":{"0":{"loc":{"start":{"line":55,"column":26},"end":{"line":55,"column":58}},"type":"binary-expr","locations":[{"start":{"line":55,"column":26},"end":{"line":55,"column":46}},{"start":{"line":55,"column":50},"end":{"line":55,"column":58}}],"line":55},"1":{"loc":{"start":{"line":89,"column":29},"end":{"line":89,"column":69}},"type":"binary-expr","locations":[{"start":{"line":89,"column":29},"end":{"line":89,"column":48}},{"start":{"line":89,"column":52},"end":{"line":89,"column":69}}],"line":89},"2":{"loc":{"start":{"line":96,"column":12},"end":{"line":98,"column":22}},"type":"cond-expr","locations":[{"start":{"line":97,"column":18},"end":{"line":97,"column":60}},{"start":{"line":98,"column":18},"end":{"line":98,"column":22}}],"line":96},"3":{"loc":{"start":{"line":126,"column":12},"end":{"line":132,"column":17}},"type":"cond-expr","locations":[{"start":{"line":127,"column":18},"end":{"line":127,"column":32}},{"start":{"line":129,"column":20},"end":{"line":131,"column":22}}],"line":126},"4":{"loc":{"start":{"line":129,"column":20},"end":{"line":131,"column":22}},"type":"binary-expr","locations":[{"start":{"line":129,"column":20},"end":{"line":129,"column":40}},{"start":{"line":130,"column":20},"end":{"line":130,"column":44}},{"start":{"line":131,"column":20},"end":{"line":131,"column":22}}],"line":129},"5":{"loc":{"start":{"line":135,"column":12},"end":{"line":137,"column":20}},"type":"cond-expr","locations":[{"start":{"line":136,"column":18},"end":{"line":136,"column":38}},{"start":{"line":137,"column":18},"end":{"line":137,"column":20}}],"line":135},"6":{"loc":{"start":{"line":135,"column":12},"end":{"line":135,"column":86}},"type":"binary-expr","locations":[{"start":{"line":135,"column":12},"end":{"line":135,"column":46}},{"start":{"line":135,"column":50},"end":{"line":135,"column":86}}],"line":135}},"s":{"0":1,"1":1,"2":1,"3":1,"4":1,"5":1,"6":1,"7":1,"8":1,"9":1,"10":0,"11":0,"12":0,"13":0,"14":0,"15":0,"16":0,"17":0,"18":0,"19":0,"20":0,"21":0,"22":0,"23":0,"24":0,"25":0,"26":0,"27":0,"28":0,"29":0,"30":0,"31":0,"32":1},"f":{"0":0},"b":{"0":[0,0],"1":[0,0],"2":[0,0],"3":[0,0],"4":[0,0,0],"5":[0,0],"6":[0,0]},"_coverageSchema":"1a1c01bbd47fc00a2c39e90264f33305004495a9","hash":"9a61f3324480fd7b090746169980a66444d27a57"}
,"/home/lauro/ai-system-2.0/src/core/ContextBuilder.js": {"path":"/home/lauro/ai-system-2.0/src/core/ContextBuilder.js","statementMap":{"0":{"start":{"line":14,"column":25},"end":{"line":32,"column":9}},"1":{"start":{"line":34,"column":8},"end":{"line":61,"column":10}},"2":{"start":{"line":69,"column":8},"end":{"line":69,"column":65}},"3":{"start":{"line":69,"column":55},"end":{"line":69,"column":65}},"4":{"start":{"line":71,"column":8},"end":{"line":85,"column":11}},"5":{"start":{"line":72,"column":25},"end":{"line":72,"column":43}},"6":{"start":{"line":73,"column":24},"end":{"line":73,"column":28}},"7":{"start":{"line":75,"column":12},"end":{"line":82,"column":13}},"8":{"start":{"line":76,"column":16},"end":{"line":81,"column":17}},"9":{"start":{"line":77,"column":20},"end":{"line":77,"column":39}},"10":{"start":{"line":79,"column":20},"end":{"line":79,"column":33}},"11":{"start":{"line":80,"column":20},"end":{"line":80,"column":26}},"12":{"start":{"line":84,"column":12},"end":{"line":84,"column":81}},"13":{"start":{"line":93,"column":25},"end":{"line":93,"column":27}},"14":{"start":{"line":98,"column":28},"end":{"line":105,"column":9}},"15":{"start":{"line":110,"column":8},"end":{"line":117,"column":9}},"16":{"start":{"line":111,"column":39},"end":{"line":111,"column":76}},"17":{"start":{"line":113,"column":12},"end":{"line":116,"column":15}},"18":{"start":{"line":122,"column":8},"end":{"line":130,"column":9}},"19":{"start":{"line":123,"column":12},"end":{"line":129,"column":15}},"20":{"start":{"line":132,"column":8},"end":{"line":132,"column":24}},"21":{"start":{"line":136,"column":8},"end":{"line":141,"column":9}},"22":{"start":{"line":140,"column":12},"end":{"line":140,"column":22}},"23":{"start":{"line":143,"column":8},"end":{"line":150,"column":10}},"24":{"start":{"line":154,"column":8},"end":{"line":156,"column":17}},"25":{"start":{"line":160,"column":8},"end":{"line":162,"column":9}},"26":{"start":{"line":161,"column":12},"end":{"line":161,"column":22}},"27":{"start":{"line":164,"column":8},"end":{"line":169,"column":10}},"28":{"start":{"line":178,"column":8},"end":{"line":197,"column":10}},"29":{"start":{"line":201,"column":0},"end":{"line":201,"column":38}}},"fnMap":{"0":{"name":"(anonymous_0)","decl":{"start":{"line":3,"column":4},"end":{"line":3,"column":5}},"loc":{"start":{"line":13,"column":7},"end":{"line":62,"column":5}},"line":13},"1":{"name":"(anonymous_1)","decl":{"start":{"line":68,"column":4},"end":{"line":68,"column":5}},"loc":{"start":{"line":68,"column":37},"end":{"line":86,"column":5}},"line":68},"2":{"name":"(anonymous_2)","decl":{"start":{"line":71,"column":67},"end":{"line":71,"column":68}},"loc":{"start":{"line":71,"column":87},"end":{"line":85,"column":9}},"line":71},"3":{"name":"(anonymous_3)","decl":{"start":{"line":88,"column":4},"end":{"line":88,"column":5}},"loc":{"start":{"line":92,"column":6},"end":{"line":133,"column":5}},"line":92},"4":{"name":"(anonymous_4)","decl":{"start":{"line":135,"column":4},"end":{"line":135,"column":5}},"loc":{"start":{"line":135,"column":24},"end":{"line":151,"column":5}},"line":135},"5":{"name":"(anonymous_5)","decl":{"start":{"line":153,"column":4},"end":{"line":153,"column":5}},"loc":{"start":{"line":153,"column":26},"end":{"line":157,"column":5}},"line":153},"6":{"name":"(anonymous_6)","decl":{"start":{"line":159,"column":4},"end":{"line":159,"column":5}},"loc":{"start":{"line":159,"column":23},"end":{"line":170,"column":5}},"line":159},"7":{"name":"(anonymous_7)","decl":{"start":{"line":172,"column":4},"end":{"line":172,"column":5}},"loc":{"start":{"line":177,"column":6},"end":{"line":198,"column":5}},"line":177}},"branchMap":{"0":{"loc":{"start":{"line":7,"column":8},"end":{"line":7,"column":20}},"type":"default-arg","locations":[{"start":{"line":7,"column":18},"end":{"line":7,"column":20}}],"line":7},"1":{"loc":{"start":{"line":8,"column":8},"end":{"line":8,"column":19}},"type":"default-arg","locations":[{"start":{"line":8,"column":17},"end":{"line":8,"column":19}}],"line":8},"2":{"loc":{"start":{"line":10,"column":8},"end":{"line":10,"column":21}},"type":"default-arg","locations":[{"start":{"line":10,"column":19},"end":{"line":10,"column":21}}],"line":10},"3":{"loc":{"start":{"line":11,"column":8},"end":{"line":11,"column":21}},"type":"default-arg","locations":[{"start":{"line":11,"column":17},"end":{"line":11,"column":21}}],"line":11},"4":{"loc":{"start":{"line":12,"column":8},"end":{"line":12,"column":19}},"type":"default-arg","locations":[{"start":{"line":12,"column":15},"end":{"line":12,"column":19}}],"line":12},"5":{"loc":{"start":{"line":68,"column":26},"end":{"line":68,"column":35}},"type":"default-arg","locations":[{"start":{"line":68,"column":33},"end":{"line":68,"column":35}}],"line":68},"6":{"loc":{"start":{"line":69,"column":8},"end":{"line":69,"column":65}},"type":"if","locations":[{"start":{"line":69,"column":8},"end":{"line":69,"column":65}},{"start":{},"end":{}}],"line":69},"7":{"loc":{"start":{"line":69,"column":12},"end":{"line":69,"column":53}},"type":"binary-expr","locations":[{"start":{"line":69,"column":12},"end":{"line":69,"column":21}},{"start":{"line":69,"column":25},"end":{"line":69,"column":53}}],"line":69},"8":{"loc":{"start":{"line":76,"column":16},"end":{"line":81,"column":17}},"type":"if","locations":[{"start":{"line":76,"column":16},"end":{"line":81,"column":17}},{"start":{"line":78,"column":23},"end":{"line":81,"column":17}}],"line":76},"9":{"loc":{"start":{"line":76,"column":20},"end":{"line":76,"column":70}},"type":"binary-expr","locations":[{"start":{"line":76,"column":20},"end":{"line":76,"column":25}},{"start":{"line":76,"column":29},"end":{"line":76,"column":54}},{"start":{"line":76,"column":58},"end":{"line":76,"column":70}}],"line":76},"10":{"loc":{"start":{"line":84,"column":19},"end":{"line":84,"column":80}},"type":"cond-expr","locations":[{"start":{"line":84,"column":59},"end":{"line":84,"column":72}},{"start":{"line":84,"column":75},"end":{"line":84,"column":80}}],"line":84},"11":{"loc":{"start":{"line":84,"column":19},"end":{"line":84,"column":56}},"type":"binary-expr","locations":[{"start":{"line":84,"column":19},"end":{"line":84,"column":33}},{"start":{"line":84,"column":37},"end":{"line":84,"column":56}}],"line":84},"12":{"loc":{"start":{"line":99,"column":20},"end":{"line":99,"column":32}},"type":"binary-expr","locations":[{"start":{"line":99,"column":20},"end":{"line":99,"column":26}},{"start":{"line":99,"column":30},"end":{"line":99,"column":32}}],"line":99},"13":{"loc":{"start":{"line":100,"column":18},"end":{"line":100,"column":28}},"type":"binary-expr","locations":[{"start":{"line":100,"column":18},"end":{"line":100,"column":22}},{"start":{"line":100,"column":26},"end":{"line":100,"column":28}}],"line":100},"14":{"loc":{"start":{"line":102,"column":25},"end":{"line":102,"column":43}},"type":"binary-expr","locations":[{"start":{"line":102,"column":25},"end":{"line":102,"column":37}},{"start":{"line":102,"column":41},"end":{"line":102,"column":43}}],"line":102},"15":{"loc":{"start":{"line":103,"column":24},"end":{"line":103,"column":42}},"type":"binary-expr","locations":[{"start":{"line":103,"column":24},"end":{"line":103,"column":36}},{"start":{"line":103,"column":40},"end":{"line":103,"column":42}}],"line":103},"16":{"loc":{"start":{"line":104,"column":22},"end":{"line":104,"column":38}},"type":"binary-expr","locations":[{"start":{"line":104,"column":22},"end":{"line":104,"column":32}},{"start":{"line":104,"column":36},"end":{"line":104,"column":38}}],"line":104},"17":{"loc":{"start":{"line":110,"column":8},"end":{"line":117,"column":9}},"type":"if","locations":[{"start":{"line":110,"column":8},"end":{"line":117,"column":9}},{"start":{},"end":{}}],"line":110},"18":{"loc":{"start":{"line":122,"column":8},"end":{"line":130,"column":9}},"type":"if","locations":[{"start":{"line":122,"column":8},"end":{"line":130,"column":9}},{"start":{},"end":{}}],"line":122},"19":{"loc":{"start":{"line":122,"column":12},"end":{"line":122,"column":33}},"type":"binary-expr","locations":[{"start":{"line":122,"column":12},"end":{"line":122,"column":18}},{"start":{"line":122,"column":22},"end":{"line":122,"column":33}}],"line":122},"20":{"loc":{"start":{"line":136,"column":8},"end":{"line":141,"column":9}},"type":"if","locations":[{"start":{"line":136,"column":8},"end":{"line":141,"column":9}},{"start":{},"end":{}}],"line":136},"21":{"loc":{"start":{"line":137,"column":12},"end":{"line":138,"column":26}},"type":"binary-expr","locations":[{"start":{"line":137,"column":12},"end":{"line":137,"column":34}},{"start":{"line":138,"column":12},"end":{"line":138,"column":26}}],"line":137},"22":{"loc":{"start":{"line":154,"column":15},"end":{"line":156,"column":16}},"type":"cond-expr","locations":[{"start":{"line":155,"column":14},"end":{"line":155,"column":21}},{"start":{"line":156,"column":14},"end":{"line":156,"column":16}}],"line":154},"23":{"loc":{"start":{"line":160,"column":8},"end":{"line":162,"column":9}},"type":"if","locations":[{"start":{"line":160,"column":8},"end":{"line":162,"column":9}},{"start":{},"end":{}}],"line":160},"24":{"loc":{"start":{"line":189,"column":16},"end":{"line":190,"column":20}},"type":"binary-expr","locations":[{"start":{"line":189,"column":16},"end":{"line":189,"column":28}},{"start":{"line":190,"column":16},"end":{"line":190,"column":20}}],"line":189},"25":{"loc":{"start":{"line":193,"column":16},"end":{"line":194,"column":20}},"type":"binary-expr","locations":[{"start":{"line":193,"column":16},"end":{"line":193,"column":26}},{"start":{"line":194,"column":16},"end":{"line":194,"column":20}}],"line":193}},"s":{"0":0,"1":0,"2":1,"3":0,"4":1,"5":1,"6":1,"7":1,"8":1,"9":1,"10":0,"11":0,"12":1,"13":0,"14":0,"15":0,"16":0,"17":0,"18":0,"19":0,"20":0,"21":0,"22":0,"23":0,"24":0,"25":0,"26":0,"27":0,"28":0,"29":1},"f":{"0":0,"1":1,"2":1,"3":0,"4":0,"5":0,"6":0,"7":0},"b":{"0":[0],"1":[0],"2":[0],"3":[0],"4":[0],"5":[0],"6":[0,1],"7":[1,1],"8":[1,0],"9":[1,1,1],"10":[1,0],"11":[1,1],"12":[0,0],"13":[0,0],"14":[0,0],"15":[0,0],"16":[0,0],"17":[0,0],"18":[0,0],"19":[0,0],"20":[0,0],"21":[0,0],"22":[0,0],"23":[0,0],"24":[0,0],"25":[0,0]},"_coverageSchema":"1a1c01bbd47fc00a2c39e90264f33305004495a9","hash":"0d1f107e3af8c05c59dd3e7e8a94f7c9fd6abab8"}
,"/home/lauro/ai-system-2.0/src/core/MemoryManager.js": {"path":"/home/lauro/ai-system-2.0/src/core/MemoryManager.js","statementMap":{"0":{"start":{"line":2,"column":4},"end":{"line":2,"column":62}},"1":{"start":{"line":5,"column":4},"end":{"line":5,"column":57}},"2":{"start":{"line":8,"column":4},"end":{"line":8,"column":31}},"3":{"start":{"line":18,"column":8},"end":{"line":20,"column":9}},"4":{"start":{"line":19,"column":11},"end":{"line":19,"column":53}},"5":{"start":{"line":24,"column":8},"end":{"line":50,"column":11}},"6":{"start":{"line":26,"column":11},"end":{"line":29,"column":17}},"7":{"start":{"line":31,"column":11},"end":{"line":35,"column":12}},"8":{"start":{"line":32,"column":14},"end":{"line":34,"column":16}},"9":{"start":{"line":39,"column":12},"end":{"line":43,"column":20}},"10":{"start":{"line":45,"column":13},"end":{"line":48,"column":15}},"11":{"start":{"line":53,"column":14},"end":{"line":55,"column":15}},"12":{"start":{"line":57,"column":10},"end":{"line":60,"column":12}},"13":{"start":{"line":71,"column":8},"end":{"line":77,"column":9}},"14":{"start":{"line":73,"column":12},"end":{"line":75,"column":14}},"15":{"start":{"line":79,"column":8},"end":{"line":87,"column":11}},"16":{"start":{"line":99,"column":8},"end":{"line":105,"column":9}},"17":{"start":{"line":101,"column":12},"end":{"line":103,"column":14}},"18":{"start":{"line":107,"column":8},"end":{"line":115,"column":11}},"19":{"start":{"line":121,"column":8},"end":{"line":123,"column":10}},"20":{"start":{"line":129,"column":0},"end":{"line":129,"column":37}}},"fnMap":{"0":{"name":"(anonymous_0)","decl":{"start":{"line":12,"column":4},"end":{"line":12,"column":5}},"loc":{"start":{"line":16,"column":8},"end":{"line":61,"column":5}},"line":16},"1":{"name":"(anonymous_1)","decl":{"start":{"line":63,"column":4},"end":{"line":63,"column":5}},"loc":{"start":{"line":69,"column":7},"end":{"line":89,"column":5}},"line":69},"2":{"name":"(anonymous_2)","decl":{"start":{"line":91,"column":4},"end":{"line":91,"column":5}},"loc":{"start":{"line":97,"column":7},"end":{"line":117,"column":5}},"line":97},"3":{"name":"(anonymous_3)","decl":{"start":{"line":119,"column":4},"end":{"line":119,"column":5}},"loc":{"start":{"line":119,"column":32},"end":{"line":125,"column":5}},"line":119}},"branchMap":{"0":{"loc":{"start":{"line":18,"column":8},"end":{"line":20,"column":9}},"type":"if","locations":[{"start":{"line":18,"column":8},"end":{"line":20,"column":9}},{"start":{},"end":{}}],"line":18},"1":{"loc":{"start":{"line":24,"column":8},"end":{"line":50,"column":11}},"type":"if","locations":[{"start":{"line":24,"column":8},"end":{"line":50,"column":11}},{"start":{"line":37,"column":15},"end":{"line":50,"column":11}}],"line":24},"2":{"loc":{"start":{"line":31,"column":11},"end":{"line":35,"column":12}},"type":"if","locations":[{"start":{"line":31,"column":11},"end":{"line":35,"column":12}},{"start":{},"end":{}}],"line":31},"3":{"loc":{"start":{"line":71,"column":8},"end":{"line":77,"column":9}},"type":"if","locations":[{"start":{"line":71,"column":8},"end":{"line":77,"column":9}},{"start":{},"end":{}}],"line":71},"4":{"loc":{"start":{"line":99,"column":8},"end":{"line":105,"column":9}},"type":"if","locations":[{"start":{"line":99,"column":8},"end":{"line":105,"column":9}},{"start":{},"end":{}}],"line":99}},"s":{"0":1,"1":1,"2":1,"3":0,"4":0,"5":0,"6":0,"7":0,"8":0,"9":0,"10":0,"11":0,"12":0,"13":0,"14":0,"15":0,"16":0,"17":0,"18":0,"19":0,"20":1},"f":{"0":0,"1":0,"2":0,"3":0},"b":{"0":[0,0],"1":[0,0],"2":[0,0],"3":[0,0],"4":[0,0]},"_coverageSchema":"1a1c01bbd47fc00a2c39e90264f33305004495a9","hash":"3e1154ccc3ca8897aed6f6564a260ad793fe0e6b"}
,"/home/lauro/ai-system-2.0/src/core/PromptManager.js": {"path":"/home/lauro/ai-system-2.0/src/core/PromptManager.js","statementMap":{"0":{"start":{"line":1,"column":11},"end":{"line":1,"column":24}},"1":{"start":{"line":2,"column":13},"end":{"line":2,"column":28}},"2":{"start":{"line":8,"column":8},"end":{"line":8,"column":31}},"3":{"start":{"line":14,"column":8},"end":{"line":15,"column":47}},"4":{"start":{"line":15,"column":12},"end":{"line":15,"column":47}},"5":{"start":{"line":17,"column":21},"end":{"line":20,"column":9}},"6":{"start":{"line":22,"column":8},"end":{"line":24,"column":9}},"7":{"start":{"line":23,"column":12},"end":{"line":23,"column":40}},"8":{"start":{"line":26,"column":23},"end":{"line":26,"column":52}},"9":{"start":{"line":28,"column":8},"end":{"line":28,"column":37}},"10":{"start":{"line":30,"column":8},"end":{"line":30,"column":22}},"11":{"start":{"line":36,"column":8},"end":{"line":36,"column":27}},"12":{"start":{"line":42,"column":0},"end":{"line":42,"column":37}}},"fnMap":{"0":{"name":"(anonymous_0)","decl":{"start":{"line":6,"column":4},"end":{"line":6,"column":5}},"loc":{"start":{"line":6,"column":18},"end":{"line":10,"column":5}},"line":6},"1":{"name":"(anonymous_1)","decl":{"start":{"line":12,"column":4},"end":{"line":12,"column":5}},"loc":{"start":{"line":12,"column":16},"end":{"line":32,"column":5}},"line":12},"2":{"name":"(anonymous_2)","decl":{"start":{"line":34,"column":4},"end":{"line":34,"column":5}},"loc":{"start":{"line":34,"column":17},"end":{"line":38,"column":5}},"line":34}},"branchMap":{"0":{"loc":{"start":{"line":14,"column":8},"end":{"line":15,"column":47}},"type":"if","locations":[{"start":{"line":14,"column":8},"end":{"line":15,"column":47}},{"start":{},"end":{}}],"line":14},"1":{"loc":{"start":{"line":22,"column":8},"end":{"line":24,"column":9}},"type":"if","locations":[{"start":{"line":22,"column":8},"end":{"line":24,"column":9}},{"start":{},"end":{}}],"line":22}},"s":{"0":1,"1":1,"2":1,"3":0,"4":0,"5":0,"6":0,"7":0,"8":0,"9":0,"10":0,"11":0,"12":1},"f":{"0":1,"1":0,"2":0},"b":{"0":[0,0],"1":[0,0]},"_coverageSchema":"1a1c01bbd47fc00a2c39e90264f33305004495a9","hash":"24a62f926e0f5bc9364d0dc639fe1af4e347a82b"}
,"/home/lauro/ai-system-2.0/src/core/SessionManager.js": {"path":"/home/lauro/ai-system-2.0/src/core/SessionManager.js","statementMap":{"0":{"start":{"line":4,"column":8},"end":{"line":4,"column":34}},"1":{"start":{"line":13,"column":20},"end":{"line":17,"column":10}},"2":{"start":{"line":19,"column":24},"end":{"line":33,"column":9}},"3":{"start":{"line":35,"column":8},"end":{"line":35,"column":40}},"4":{"start":{"line":36,"column":8},"end":{"line":36,"column":23}},"5":{"start":{"line":44,"column":20},"end":{"line":48,"column":10}},"6":{"start":{"line":50,"column":22},"end":{"line":50,"column":44}},"7":{"start":{"line":52,"column":8},"end":{"line":58,"column":9}},"8":{"start":{"line":53,"column":12},"end":{"line":57,"column":15}},"9":{"start":{"line":60,"column":8},"end":{"line":60,"column":39}},"10":{"start":{"line":61,"column":8},"end":{"line":61,"column":23}},"11":{"start":{"line":65,"column":8},"end":{"line":67,"column":9}},"12":{"start":{"line":66,"column":12},"end":{"line":66,"column":55}},"13":{"start":{"line":69,"column":24},"end":{"line":69,"column":48}},"14":{"start":{"line":70,"column":29},"end":{"line":70,"column":69}},"15":{"start":{"line":72,"column":8},"end":{"line":74,"column":9}},"16":{"start":{"line":73,"column":12},"end":{"line":73,"column":71}},"17":{"start":{"line":76,"column":8},"end":{"line":80,"column":11}},"18":{"start":{"line":88,"column":8},"end":{"line":90,"column":9}},"19":{"start":{"line":89,"column":12},"end":{"line":89,"column":48}},"20":{"start":{"line":92,"column":8},"end":{"line":114,"column":9}},"21":{"start":{"line":93,"column":34},"end":{"line":93,"column":47}},"22":{"start":{"line":94,"column":12},"end":{"line":94,"column":36}},"23":{"start":{"line":97,"column":12},"end":{"line":99,"column":13}},"24":{"start":{"line":98,"column":16},"end":{"line":98,"column":48}},"25":{"start":{"line":101,"column":12},"end":{"line":106,"column":15}},"26":{"start":{"line":109,"column":12},"end":{"line":113,"column":15}},"27":{"start":{"line":116,"column":8},"end":{"line":116,"column":39}},"28":{"start":{"line":117,"column":8},"end":{"line":117,"column":23}},"29":{"start":{"line":121,"column":8},"end":{"line":123,"column":9}},"30":{"start":{"line":122,"column":12},"end":{"line":122,"column":48}},"31":{"start":{"line":125,"column":8},"end":{"line":125,"column":48}},"32":{"start":{"line":126,"column":8},"end":{"line":126,"column":39}},"33":{"start":{"line":127,"column":8},"end":{"line":127,"column":23}},"34":{"start":{"line":134,"column":8},"end":{"line":136,"column":9}},"35":{"start":{"line":135,"column":12},"end":{"line":135,"column":48}},"36":{"start":{"line":138,"column":8},"end":{"line":140,"column":9}},"37":{"start":{"line":139,"column":12},"end":{"line":139,"column":33}},"38":{"start":{"line":142,"column":8},"end":{"line":147,"column":11}},"39":{"start":{"line":149,"column":8},"end":{"line":149,"column":39}},"40":{"start":{"line":150,"column":8},"end":{"line":150,"column":23}},"41":{"start":{"line":157,"column":8},"end":{"line":159,"column":9}},"42":{"start":{"line":158,"column":12},"end":{"line":158,"column":22}},"43":{"start":{"line":161,"column":8},"end":{"line":164,"column":12}},"44":{"start":{"line":161,"column":43},"end":{"line":164,"column":9}},"45":{"start":{"line":172,"column":20},"end":{"line":176,"column":10}},"46":{"start":{"line":178,"column":8},"end":{"line":178,"column":34}},"47":{"start":{"line":186,"column":20},"end":{"line":190,"column":10}},"48":{"start":{"line":192,"column":8},"end":{"line":192,"column":38}},"49":{"start":{"line":200,"column":8},"end":{"line":200,"column":56}},"50":{"start":{"line":205,"column":0},"end":{"line":205,"column":38}}},"fnMap":{"0":{"name":"(anonymous_0)","decl":{"start":{"line":3,"column":4},"end":{"line":3,"column":5}},"loc":{"start":{"line":3,"column":18},"end":{"line":5,"column":5}},"line":3},"1":{"name":"(anonymous_1)","decl":{"start":{"line":7,"column":4},"end":{"line":7,"column":5}},"loc":{"start":{"line":12,"column":7},"end":{"line":37,"column":5}},"line":12},"2":{"name":"(anonymous_2)","decl":{"start":{"line":39,"column":4},"end":{"line":39,"column":5}},"loc":{"start":{"line":43,"column":7},"end":{"line":62,"column":5}},"line":43},"3":{"name":"(anonymous_3)","decl":{"start":{"line":64,"column":4},"end":{"line":64,"column":5}},"loc":{"start":{"line":64,"column":27},"end":{"line":81,"column":5}},"line":64},"4":{"name":"(anonymous_4)","decl":{"start":{"line":87,"column":4},"end":{"line":87,"column":5}},"loc":{"start":{"line":87,"column":52},"end":{"line":118,"column":5}},"line":87},"5":{"name":"(anonymous_5)","decl":{"start":{"line":120,"column":4},"end":{"line":120,"column":5}},"loc":{"start":{"line":120,"column":45},"end":{"line":128,"column":5}},"line":120},"6":{"name":"(anonymous_6)","decl":{"start":{"line":133,"column":4},"end":{"line":133,"column":5}},"loc":{"start":{"line":133,"column":43},"end":{"line":151,"column":5}},"line":133},"7":{"name":"(anonymous_7)","decl":{"start":{"line":156,"column":4},"end":{"line":156,"column":5}},"loc":{"start":{"line":156,"column":24},"end":{"line":165,"column":5}},"line":156},"8":{"name":"(anonymous_8)","decl":{"start":{"line":161,"column":35},"end":{"line":161,"column":36}},"loc":{"start":{"line":161,"column":43},"end":{"line":164,"column":9}},"line":161},"9":{"name":"(anonymous_9)","decl":{"start":{"line":167,"column":4},"end":{"line":167,"column":5}},"loc":{"start":{"line":171,"column":7},"end":{"line":179,"column":5}},"line":171},"10":{"name":"(anonymous_10)","decl":{"start":{"line":181,"column":4},"end":{"line":181,"column":5}},"loc":{"start":{"line":185,"column":7},"end":{"line":193,"column":5}},"line":185},"11":{"name":"(anonymous_11)","decl":{"start":{"line":195,"column":4},"end":{"line":195,"column":5}},"loc":{"start":{"line":199,"column":7},"end":{"line":201,"column":5}},"line":199}},"branchMap":{"0":{"loc":{"start":{"line":11,"column":8},"end":{"line":11,"column":23}},"type":"default-arg","locations":[{"start":{"line":11,"column":16},"end":{"line":11,"column":23}}],"line":11},"1":{"loc":{"start":{"line":52,"column":8},"end":{"line":58,"column":9}},"type":"if","locations":[{"start":{"line":52,"column":8},"end":{"line":58,"column":9}},{"start":{},"end":{}}],"line":52},"2":{"loc":{"start":{"line":65,"column":8},"end":{"line":67,"column":9}},"type":"if","locations":[{"start":{"line":65,"column":8},"end":{"line":67,"column":9}},{"start":{},"end":{}}],"line":65},"3":{"loc":{"start":{"line":69,"column":24},"end":{"line":69,"column":48}},"type":"binary-expr","locations":[{"start":{"line":69,"column":24},"end":{"line":69,"column":39}},{"start":{"line":69,"column":43},"end":{"line":69,"column":48}}],"line":69},"4":{"loc":{"start":{"line":70,"column":29},"end":{"line":70,"column":69}},"type":"binary-expr","locations":[{"start":{"line":70,"column":29},"end":{"line":70,"column":51}},{"start":{"line":70,"column":55},"end":{"line":70,"column":69}}],"line":70},"5":{"loc":{"start":{"line":72,"column":8},"end":{"line":74,"column":9}},"type":"if","locations":[{"start":{"line":72,"column":8},"end":{"line":74,"column":9}},{"start":{},"end":{}}],"line":72},"6":{"loc":{"start":{"line":87,"column":31},"end":{"line":87,"column":50}},"type":"default-arg","locations":[{"start":{"line":87,"column":40},"end":{"line":87,"column":50}}],"line":87},"7":{"loc":{"start":{"line":88,"column":8},"end":{"line":90,"column":9}},"type":"if","locations":[{"start":{"line":88,"column":8},"end":{"line":90,"column":9}},{"start":{},"end":{}}],"line":88},"8":{"loc":{"start":{"line":92,"column":8},"end":{"line":114,"column":9}},"type":"if","locations":[{"start":{"line":92,"column":8},"end":{"line":114,"column":9}},{"start":{},"end":{}}],"line":92},"9":{"loc":{"start":{"line":97,"column":12},"end":{"line":99,"column":13}},"type":"if","locations":[{"start":{"line":97,"column":12},"end":{"line":99,"column":13}},{"start":{},"end":{}}],"line":97},"10":{"loc":{"start":{"line":121,"column":8},"end":{"line":123,"column":9}},"type":"if","locations":[{"start":{"line":121,"column":8},"end":{"line":123,"column":9}},{"start":{},"end":{}}],"line":121},"11":{"loc":{"start":{"line":134,"column":8},"end":{"line":136,"column":9}},"type":"if","locations":[{"start":{"line":134,"column":8},"end":{"line":136,"column":9}},{"start":{},"end":{}}],"line":134},"12":{"loc":{"start":{"line":138,"column":8},"end":{"line":140,"column":9}},"type":"if","locations":[{"start":{"line":138,"column":8},"end":{"line":140,"column":9}},{"start":{},"end":{}}],"line":138},"13":{"loc":{"start":{"line":157,"column":8},"end":{"line":159,"column":9}},"type":"if","locations":[{"start":{"line":157,"column":8},"end":{"line":159,"column":9}},{"start":{},"end":{}}],"line":157},"14":{"loc":{"start":{"line":157,"column":12},"end":{"line":157,"column":55}},"type":"binary-expr","locations":[{"start":{"line":157,"column":12},"end":{"line":157,"column":20}},{"start":{"line":157,"column":24},"end":{"line":157,"column":55}}],"line":157}},"s":{"0":2,"1":5,"2":5,"3":5,"4":5,"5":0,"6":0,"7":0,"8":0,"9":0,"10":0,"11":0,"12":0,"13":0,"14":0,"15":0,"16":0,"17":0,"18":2,"19":0,"20":2,"21":2,"22":2,"23":2,"24":0,"25":2,"26":2,"27":2,"28":2,"29":0,"30":0,"31":0,"32":0,"33":0,"34":3,"35":0,"36":3,"37":0,"38":3,"39":3,"40":3,"41":1,"42":0,"43":1,"44":4,"45":5,"46":5,"47":0,"48":0,"49":10,"50":2},"f":{"0":2,"1":5,"2":0,"3":0,"4":2,"5":0,"6":3,"7":1,"8":4,"9":5,"10":0,"11":10},"b":{"0":[0],"1":[0,0],"2":[0,0],"3":[0,0],"4":[0,0],"5":[0,0],"6":[0],"7":[0,2],"8":[2,0],"9":[0,2],"10":[0,0],"11":[0,3],"12":[0,3],"13":[0,1],"14":[1,1]},"_coverageSchema":"1a1c01bbd47fc00a2c39e90264f33305004495a9","hash":"890ba3ba05fc7591b75612068e0e488edc6dfe95"}
,"/home/lauro/ai-system-2.0/src/core/ToolManager.js": {"path":"/home/lauro/ai-system-2.0/src/core/ToolManager.js","statementMap":{"0":{"start":{"line":1,"column":13},"end":{"line":1,"column":28}},"1":{"start":{"line":2,"column":11},"end":{"line":2,"column":24}},"2":{"start":{"line":3,"column":57},"end":{"line":3,"column":90}},"3":{"start":{"line":7,"column":8},"end":{"line":7,"column":31}},"4":{"start":{"line":10,"column":8},"end":{"line":10,"column":37}},"5":{"start":{"line":14,"column":8},"end":{"line":14,"column":61}},"6":{"start":{"line":14,"column":54},"end":{"line":14,"column":61}},"7":{"start":{"line":16,"column":8},"end":{"line":34,"column":9}},"8":{"start":{"line":18,"column":27},"end":{"line":18,"column":46}},"9":{"start":{"line":20,"column":12},"end":{"line":20,"column":50}},"10":{"start":{"line":20,"column":41},"end":{"line":20,"column":50}},"11":{"start":{"line":22,"column":12},"end":{"line":33,"column":15}},"12":{"start":{"line":27,"column":20},"end":{"line":31,"column":23}},"13":{"start":{"line":38,"column":8},"end":{"line":40,"column":9}},"14":{"start":{"line":39,"column":12},"end":{"line":39,"column":59}},"15":{"start":{"line":42,"column":8},"end":{"line":44,"column":9}},"16":{"start":{"line":43,"column":12},"end":{"line":43,"column":56}},"17":{"start":{"line":46,"column":8},"end":{"line":48,"column":9}},"18":{"start":{"line":47,"column":12},"end":{"line":47,"column":68}},"19":{"start":{"line":50,"column":8},"end":{"line":50,"column":35}},"20":{"start":{"line":54,"column":8},"end":{"line":54,"column":36}},"21":{"start":{"line":58,"column":8},"end":{"line":58,"column":36}},"22":{"start":{"line":62,"column":8},"end":{"line":62,"column":38}},"23":{"start":{"line":70,"column":8},"end":{"line":70,"column":30}},"24":{"start":{"line":70,"column":20},"end":{"line":70,"column":30}},"25":{"start":{"line":72,"column":31},"end":{"line":72,"column":47}},"26":{"start":{"line":73,"column":8},"end":{"line":73,"column":54}},"27":{"start":{"line":73,"column":44},"end":{"line":73,"column":54}},"28":{"start":{"line":76,"column":35},"end":{"line":76,"column":71}},"29":{"start":{"line":78,"column":8},"end":{"line":87,"column":15}},"30":{"start":{"line":79,"column":30},"end":{"line":79,"column":90}},"31":{"start":{"line":83,"column":16},"end":{"line":85,"column":17}},"32":{"start":{"line":84,"column":20},"end":{"line":84,"column":66}},"33":{"start":{"line":86,"column":16},"end":{"line":86,"column":28}},"34":{"start":{"line":98,"column":22},"end":{"line":98,"column":51}},"35":{"start":{"line":100,"column":8},"end":{"line":148,"column":11}},"36":{"start":{"line":101,"column":27},"end":{"line":105,"column":13}},"37":{"start":{"line":107,"column":31},"end":{"line":109,"column":13}},"38":{"start":{"line":111,"column":29},"end":{"line":113,"column":20}},"39":{"start":{"line":118,"column":34},"end":{"line":123,"column":13}},"40":{"start":{"line":125,"column":12},"end":{"line":132,"column":13}},"41":{"start":{"line":126,"column":16},"end":{"line":126,"column":41}},"42":{"start":{"line":128,"column":30},"end":{"line":128,"column":53}},"43":{"start":{"line":129,"column":16},"end":{"line":131,"column":17}},"44":{"start":{"line":130,"column":20},"end":{"line":130,"column":46}},"45":{"start":{"line":134,"column":12},"end":{"line":147,"column":14}},"46":{"start":{"line":152,"column":21},"end":{"line":152,"column":35}},"47":{"start":{"line":154,"column":8},"end":{"line":156,"column":9}},"48":{"start":{"line":155,"column":12},"end":{"line":155,"column":62}},"49":{"start":{"line":161,"column":27},"end":{"line":163,"column":9}},"50":{"start":{"line":168,"column":8},"end":{"line":170,"column":9}},"51":{"start":{"line":169,"column":12},"end":{"line":169,"column":51}},"52":{"start":{"line":172,"column":8},"end":{"line":174,"column":9}},"53":{"start":{"line":173,"column":12},"end":{"line":173,"column":47}},"54":{"start":{"line":176,"column":8},"end":{"line":178,"column":9}},"55":{"start":{"line":177,"column":12},"end":{"line":177,"column":53}},"56":{"start":{"line":180,"column":8},"end":{"line":182,"column":9}},"57":{"start":{"line":181,"column":12},"end":{"line":181,"column":49}},"58":{"start":{"line":187,"column":8},"end":{"line":201,"column":9}},"59":{"start":{"line":188,"column":37},"end":{"line":190,"column":20}},"60":{"start":{"line":192,"column":31},"end":{"line":194,"column":13}},"61":{"start":{"line":193,"column":16},"end":{"line":193,"column":53}},"62":{"start":{"line":196,"column":12},"end":{"line":200,"column":13}},"63":{"start":{"line":197,"column":16},"end":{"line":199,"column":18}},"64":{"start":{"line":206,"column":8},"end":{"line":206,"column":49}},"65":{"start":{"line":210,"column":8},"end":{"line":212,"column":9}},"66":{"start":{"line":211,"column":12},"end":{"line":211,"column":19}},"67":{"start":{"line":214,"column":21},"end":{"line":255,"column":9}},"68":{"start":{"line":215,"column":26},"end":{"line":215,"column":45}},"69":{"start":{"line":217,"column":12},"end":{"line":254,"column":13}},"70":{"start":{"line":218,"column":33},"end":{"line":218,"column":53}},"71":{"start":{"line":219,"column":29},"end":{"line":219,"column":50}},"72":{"start":{"line":221,"column":16},"end":{"line":224,"column":17}},"73":{"start":{"line":222,"column":20},"end":{"line":222,"column":35}},"74":{"start":{"line":223,"column":20},"end":{"line":223,"column":29}},"75":{"start":{"line":226,"column":16},"end":{"line":228,"column":17}},"76":{"start":{"line":227,"column":20},"end":{"line":227,"column":29}},"77":{"start":{"line":231,"column":16},"end":{"line":237,"column":17}},"78":{"start":{"line":236,"column":20},"end":{"line":236,"column":29}},"79":{"start":{"line":239,"column":16},"end":{"line":239,"column":64}},"80":{"start":{"line":241,"column":29},"end":{"line":241,"column":46}},"81":{"start":{"line":243,"column":16},"end":{"line":249,"column":17}},"82":{"start":{"line":248,"column":20},"end":{"line":248,"column":29}},"83":{"start":{"line":251,"column":16},"end":{"line":251,"column":47}},"84":{"start":{"line":253,"column":16},"end":{"line":253,"column":63}},"85":{"start":{"line":257,"column":8},"end":{"line":257,"column":24}},"86":{"start":{"line":261,"column":0},"end":{"line":261,"column":35}}},"fnMap":{"0":{"name":"(anonymous_0)","decl":{"start":{"line":6,"column":4},"end":{"line":6,"column":5}},"loc":{"start":{"line":6,"column":18},"end":{"line":11,"column":5}},"line":6},"1":{"name":"(anonymous_1)","decl":{"start":{"line":13,"column":4},"end":{"line":13,"column":5}},"loc":{"start":{"line":13,"column":28},"end":{"line":35,"column":5}},"line":13},"2":{"name":"(anonymous_2)","decl":{"start":{"line":26,"column":25},"end":{"line":26,"column":26}},"loc":{"start":{"line":26,"column":52},"end":{"line":32,"column":17}},"line":26},"3":{"name":"(anonymous_3)","decl":{"start":{"line":37,"column":4},"end":{"line":37,"column":5}},"loc":{"start":{"line":37,"column":25},"end":{"line":51,"column":5}},"line":37},"4":{"name":"(anonymous_4)","decl":{"start":{"line":53,"column":4},"end":{"line":53,"column":5}},"loc":{"start":{"line":53,"column":14},"end":{"line":55,"column":5}},"line":53},"5":{"name":"(anonymous_5)","decl":{"start":{"line":57,"column":4},"end":{"line":57,"column":5}},"loc":{"start":{"line":57,"column":14},"end":{"line":59,"column":5}},"line":57},"6":{"name":"(anonymous_6)","decl":{"start":{"line":61,"column":4},"end":{"line":61,"column":5}},"loc":{"start":{"line":61,"column":11},"end":{"line":63,"column":5}},"line":61},"7":{"name":"(anonymous_7)","decl":{"start":{"line":69,"column":4},"end":{"line":69,"column":5}},"loc":{"start":{"line":69,"column":34},"end":{"line":88,"column":5}},"line":69},"8":{"name":"(anonymous_8)","decl":{"start":{"line":79,"column":17},"end":{"line":79,"column":18}},"loc":{"start":{"line":79,"column":30},"end":{"line":79,"column":90}},"line":79},"9":{"name":"(anonymous_9)","decl":{"start":{"line":81,"column":20},"end":{"line":81,"column":21}},"loc":{"start":{"line":81,"column":28},"end":{"line":87,"column":13}},"line":81},"10":{"name":"(anonymous_10)","decl":{"start":{"line":97,"column":4},"end":{"line":97,"column":5}},"loc":{"start":{"line":97,"column":40},"end":{"line":149,"column":5}},"line":97},"11":{"name":"(anonymous_11)","decl":{"start":{"line":100,"column":25},"end":{"line":100,"column":26}},"loc":{"start":{"line":100,"column":33},"end":{"line":148,"column":9}},"line":100},"12":{"name":"(anonymous_12)","decl":{"start":{"line":151,"column":4},"end":{"line":151,"column":5}},"loc":{"start":{"line":151,"column":51},"end":{"line":207,"column":5}},"line":151},"13":{"name":"(anonymous_13)","decl":{"start":{"line":192,"column":54},"end":{"line":192,"column":55}},"loc":{"start":{"line":193,"column":16},"end":{"line":193,"column":53}},"line":193},"14":{"name":"(anonymous_14)","decl":{"start":{"line":209,"column":4},"end":{"line":209,"column":5}},"loc":{"start":{"line":209,"column":20},"end":{"line":258,"column":5}},"line":209},"15":{"name":"(anonymous_15)","decl":{"start":{"line":214,"column":21},"end":{"line":214,"column":22}},"loc":{"start":{"line":214,"column":28},"end":{"line":255,"column":9}},"line":214}},"branchMap":{"0":{"loc":{"start":{"line":14,"column":8},"end":{"line":14,"column":61}},"type":"if","locations":[{"start":{"line":14,"column":8},"end":{"line":14,"column":61}},{"start":{},"end":{}}],"line":14},"1":{"loc":{"start":{"line":18,"column":27},"end":{"line":18,"column":46}},"type":"binary-expr","locations":[{"start":{"line":18,"column":27},"end":{"line":18,"column":39}},{"start":{"line":18,"column":43},"end":{"line":18,"column":46}}],"line":18},"2":{"loc":{"start":{"line":20,"column":12},"end":{"line":20,"column":50}},"type":"if","locations":[{"start":{"line":20,"column":12},"end":{"line":20,"column":50}},{"start":{},"end":{}}],"line":20},"3":{"loc":{"start":{"line":20,"column":16},"end":{"line":20,"column":39}},"type":"binary-expr","locations":[{"start":{"line":20,"column":16},"end":{"line":20,"column":23}},{"start":{"line":20,"column":27},"end":{"line":20,"column":39}}],"line":20},"4":{"loc":{"start":{"line":24,"column":29},"end":{"line":24,"column":53}},"type":"binary-expr","locations":[{"start":{"line":24,"column":29},"end":{"line":24,"column":47}},{"start":{"line":24,"column":51},"end":{"line":24,"column":53}}],"line":24},"5":{"loc":{"start":{"line":25,"column":24},"end":{"line":25,"column":64}},"type":"binary-expr","locations":[{"start":{"line":25,"column":24},"end":{"line":25,"column":41}},{"start":{"line":25,"column":45},"end":{"line":25,"column":58}},{"start":{"line":25,"column":62},"end":{"line":25,"column":64}}],"line":25},"6":{"loc":{"start":{"line":38,"column":8},"end":{"line":40,"column":9}},"type":"if","locations":[{"start":{"line":38,"column":8},"end":{"line":40,"column":9}},{"start":{},"end":{}}],"line":38},"7":{"loc":{"start":{"line":42,"column":8},"end":{"line":44,"column":9}},"type":"if","locations":[{"start":{"line":42,"column":8},"end":{"line":44,"column":9}},{"start":{},"end":{}}],"line":42},"8":{"loc":{"start":{"line":46,"column":8},"end":{"line":48,"column":9}},"type":"if","locations":[{"start":{"line":46,"column":8},"end":{"line":48,"column":9}},{"start":{},"end":{}}],"line":46},"9":{"loc":{"start":{"line":69,"column":20},"end":{"line":69,"column":32}},"type":"default-arg","locations":[{"start":{"line":69,"column":30},"end":{"line":69,"column":32}}],"line":69},"10":{"loc":{"start":{"line":70,"column":8},"end":{"line":70,"column":30}},"type":"if","locations":[{"start":{"line":70,"column":8},"end":{"line":70,"column":30}},{"start":{},"end":{}}],"line":70},"11":{"loc":{"start":{"line":73,"column":8},"end":{"line":73,"column":54}},"type":"if","locations":[{"start":{"line":73,"column":8},"end":{"line":73,"column":54}},{"start":{},"end":{}}],"line":73},"12":{"loc":{"start":{"line":76,"column":35},"end":{"line":76,"column":71}},"type":"binary-expr","locations":[{"start":{"line":76,"column":35},"end":{"line":76,"column":63}},{"start":{"line":76,"column":67},"end":{"line":76,"column":71}}],"line":76},"13":{"loc":{"start":{"line":79,"column":30},"end":{"line":79,"column":90}},"type":"cond-expr","locations":[{"start":{"line":79,"column":61},"end":{"line":79,"column":79}},{"start":{"line":79,"column":82},"end":{"line":79,"column":90}}],"line":79},"14":{"loc":{"start":{"line":83,"column":16},"end":{"line":85,"column":17}},"type":"if","locations":[{"start":{"line":83,"column":16},"end":{"line":85,"column":17}},{"start":{},"end":{}}],"line":83},"15":{"loc":{"start":{"line":97,"column":26},"end":{"line":97,"column":38}},"type":"default-arg","locations":[{"start":{"line":97,"column":36},"end":{"line":97,"column":38}}],"line":97},"16":{"loc":{"start":{"line":101,"column":27},"end":{"line":105,"column":13}},"type":"binary-expr","locations":[{"start":{"line":101,"column":27},"end":{"line":101,"column":38}},{"start":{"line":101,"column":42},"end":{"line":105,"column":13}}],"line":101},"17":{"loc":{"start":{"line":108,"column":20},"end":{"line":108,"column":43}},"type":"binary-expr","locations":[{"start":{"line":108,"column":20},"end":{"line":108,"column":37}},{"start":{"line":108,"column":41},"end":{"line":108,"column":43}}],"line":108},"18":{"loc":{"start":{"line":111,"column":29},"end":{"line":113,"column":20}},"type":"cond-expr","locations":[{"start":{"line":112,"column":18},"end":{"line":112,"column":38}},{"start":{"line":113,"column":18},"end":{"line":113,"column":20}}],"line":111},"19":{"loc":{"start":{"line":129,"column":16},"end":{"line":131,"column":17}},"type":"if","locations":[{"start":{"line":129,"column":16},"end":{"line":131,"column":17}},{"start":{},"end":{}}],"line":129},"20":{"loc":{"start":{"line":138,"column":33},"end":{"line":138,"column":55}},"type":"binary-expr","locations":[{"start":{"line":138,"column":33},"end":{"line":138,"column":49}},{"start":{"line":138,"column":53},"end":{"line":138,"column":55}}],"line":138},"21":{"loc":{"start":{"line":141,"column":30},"end":{"line":141,"column":53}},"type":"binary-expr","locations":[{"start":{"line":141,"column":30},"end":{"line":141,"column":41}},{"start":{"line":141,"column":45},"end":{"line":141,"column":53}}],"line":141},"22":{"loc":{"start":{"line":144,"column":46},"end":{"line":144,"column":82}},"type":"binary-expr","locations":[{"start":{"line":144,"column":46},"end":{"line":144,"column":73}},{"start":{"line":144,"column":77},"end":{"line":144,"column":82}}],"line":144},"23":{"loc":{"start":{"line":151,"column":24},"end":{"line":151,"column":35}},"type":"default-arg","locations":[{"start":{"line":151,"column":33},"end":{"line":151,"column":35}}],"line":151},"24":{"loc":{"start":{"line":151,"column":37},"end":{"line":151,"column":49}},"type":"default-arg","locations":[{"start":{"line":151,"column":47},"end":{"line":151,"column":49}}],"line":151},"25":{"loc":{"start":{"line":154,"column":8},"end":{"line":156,"column":9}},"type":"if","locations":[{"start":{"line":154,"column":8},"end":{"line":156,"column":9}},{"start":{},"end":{}}],"line":154},"26":{"loc":{"start":{"line":168,"column":8},"end":{"line":170,"column":9}},"type":"if","locations":[{"start":{"line":168,"column":8},"end":{"line":170,"column":9}},{"start":{},"end":{}}],"line":168},"27":{"loc":{"start":{"line":172,"column":8},"end":{"line":174,"column":9}},"type":"if","locations":[{"start":{"line":172,"column":8},"end":{"line":174,"column":9}},{"start":{},"end":{}}],"line":172},"28":{"loc":{"start":{"line":176,"column":8},"end":{"line":178,"column":9}},"type":"if","locations":[{"start":{"line":176,"column":8},"end":{"line":178,"column":9}},{"start":{},"end":{}}],"line":176},"29":{"loc":{"start":{"line":180,"column":8},"end":{"line":182,"column":9}},"type":"if","locations":[{"start":{"line":180,"column":8},"end":{"line":182,"column":9}},{"start":{},"end":{}}],"line":180},"30":{"loc":{"start":{"line":187,"column":8},"end":{"line":201,"column":9}},"type":"if","locations":[{"start":{"line":187,"column":8},"end":{"line":201,"column":9}},{"start":{},"end":{}}],"line":187},"31":{"loc":{"start":{"line":187,"column":12},"end":{"line":187,"column":74}},"type":"binary-expr","locations":[{"start":{"line":187,"column":12},"end":{"line":187,"column":43}},{"start":{"line":187,"column":47},"end":{"line":187,"column":74}}],"line":187},"32":{"loc":{"start":{"line":188,"column":37},"end":{"line":190,"column":20}},"type":"cond-expr","locations":[{"start":{"line":189,"column":18},"end":{"line":189,"column":37}},{"start":{"line":190,"column":18},"end":{"line":190,"column":20}}],"line":188},"33":{"loc":{"start":{"line":196,"column":12},"end":{"line":200,"column":13}},"type":"if","locations":[{"start":{"line":196,"column":12},"end":{"line":200,"column":13}},{"start":{},"end":{}}],"line":196},"34":{"loc":{"start":{"line":210,"column":8},"end":{"line":212,"column":9}},"type":"if","locations":[{"start":{"line":210,"column":8},"end":{"line":212,"column":9}},{"start":{},"end":{}}],"line":210},"35":{"loc":{"start":{"line":221,"column":16},"end":{"line":224,"column":17}},"type":"if","locations":[{"start":{"line":221,"column":16},"end":{"line":224,"column":17}},{"start":{},"end":{}}],"line":221},"36":{"loc":{"start":{"line":226,"column":16},"end":{"line":228,"column":17}},"type":"if","locations":[{"start":{"line":226,"column":16},"end":{"line":228,"column":17}},{"start":{},"end":{}}],"line":226},"37":{"loc":{"start":{"line":231,"column":16},"end":{"line":237,"column":17}},"type":"if","locations":[{"start":{"line":231,"column":16},"end":{"line":237,"column":17}},{"start":{},"end":{}}],"line":231},"38":{"loc":{"start":{"line":232,"column":20},"end":{"line":234,"column":43}},"type":"binary-expr","locations":[{"start":{"line":232,"column":20},"end":{"line":232,"column":40}},{"start":{"line":233,"column":20},"end":{"line":233,"column":43}},{"start":{"line":234,"column":20},"end":{"line":234,"column":43}}],"line":232},"39":{"loc":{"start":{"line":243,"column":16},"end":{"line":249,"column":17}},"type":"if","locations":[{"start":{"line":243,"column":16},"end":{"line":249,"column":17}},{"start":{},"end":{}}],"line":243},"40":{"loc":{"start":{"line":244,"column":20},"end":{"line":246,"column":54}},"type":"binary-expr","locations":[{"start":{"line":244,"column":20},"end":{"line":244,"column":25}},{"start":{"line":245,"column":20},"end":{"line":245,"column":30}},{"start":{"line":246,"column":20},"end":{"line":246,"column":54}}],"line":244}},"s":{"0":1,"1":1,"2":1,"3":1,"4":1,"5":1,"6":0,"7":1,"8":1,"9":1,"10":0,"11":1,"12":0,"13":1,"14":0,"15":1,"16":0,"17":1,"18":0,"19":1,"20":0,"21":0,"22":0,"23":0,"24":0,"25":0,"26":0,"27":0,"28":0,"29":0,"30":0,"31":0,"32":0,"33":0,"34":0,"35":0,"36":0,"37":0,"38":0,"39":0,"40":0,"41":0,"42":0,"43":0,"44":0,"45":0,"46":0,"47":0,"48":0,"49":0,"50":0,"51":0,"52":0,"53":0,"54":0,"55":0,"56":0,"57":0,"58":0,"59":0,"60":0,"61":0,"62":0,"63":0,"64":0,"65":0,"66":0,"67":0,"68":0,"69":0,"70":0,"71":0,"72":0,"73":0,"74":0,"75":0,"76":0,"77":0,"78":0,"79":0,"80":0,"81":0,"82":0,"83":0,"84":0,"85":0,"86":1},"f":{"0":1,"1":1,"2":0,"3":1,"4":0,"5":0,"6":0,"7":0,"8":0,"9":0,"10":0,"11":0,"12":0,"13":0,"14":0,"15":0},"b":{"0":[0,1],"1":[1,1],"2":[0,1],"3":[1,1],"4":[1,0],"5":[1,0,0],"6":[0,1],"7":[0,1],"8":[0,1],"9":[0],"10":[0,0],"11":[0,0],"12":[0,0],"13":[0,0],"14":[0,0],"15":[0],"16":[0,0],"17":[0,0],"18":[0,0],"19":[0,0],"20":[0,0],"21":[0,0],"22":[0,0],"23":[0],"24":[0],"25":[0,0],"26":[0,0],"27":[0,0],"28":[0,0],"29":[0,0],"30":[0,0],"31":[0,0],"32":[0,0],"33":[0,0],"34":[0,0],"35":[0,0],"36":[0,0],"37":[0,0],"38":[0,0,0],"39":[0,0],"40":[0,0,0]},"_coverageSchema":"1a1c01bbd47fc00a2c39e90264f33305004495a9","hash":"e2a810c26ddea9139926aa4add20dd239ed1f9f9"}
,"/home/lauro/ai-system-2.0/src/database/repositories/ConversationRepository.js": {"path":"/home/lauro/ai-system-2.0/src/database/repositories/ConversationRepository.js","statementMap":{"0":{"start":{"line":1,"column":15},"end":{"line":1,"column":38}},"1":{"start":{"line":7,"column":8},"end":{"line":9,"column":11}},"2":{"start":{"line":15,"column":8},"end":{"line":26,"column":11}},"3":{"start":{"line":32,"column":8},"end":{"line":39,"column":11}},"4":{"start":{"line":45,"column":27},"end":{"line":48,"column":9}},"5":{"start":{"line":50,"column":8},"end":{"line":57,"column":9}},"6":{"start":{"line":52,"column":12},"end":{"line":55,"column":15}},"7":{"start":{"line":59,"column":8},"end":{"line":59,"column":28}},"8":{"start":{"line":65,"column":0},"end":{"line":65,"column":46}}},"fnMap":{"0":{"name":"(anonymous_0)","decl":{"start":{"line":5,"column":4},"end":{"line":5,"column":5}},"loc":{"start":{"line":5,"column":23},"end":{"line":11,"column":5}},"line":5},"1":{"name":"(anonymous_1)","decl":{"start":{"line":13,"column":4},"end":{"line":13,"column":5}},"loc":{"start":{"line":13,"column":39},"end":{"line":28,"column":5}},"line":13},"2":{"name":"(anonymous_2)","decl":{"start":{"line":30,"column":4},"end":{"line":30,"column":5}},"loc":{"start":{"line":30,"column":39},"end":{"line":41,"column":5}},"line":30},"3":{"name":"(anonymous_3)","decl":{"start":{"line":43,"column":4},"end":{"line":43,"column":5}},"loc":{"start":{"line":43,"column":45},"end":{"line":61,"column":5}},"line":43}},"branchMap":{"0":{"loc":{"start":{"line":50,"column":8},"end":{"line":57,"column":9}},"type":"if","locations":[{"start":{"line":50,"column":8},"end":{"line":57,"column":9}},{"start":{},"end":{}}],"line":50}},"s":{"0":1,"1":0,"2":0,"3":0,"4":0,"5":0,"6":0,"7":0,"8":1},"f":{"0":0,"1":0,"2":0,"3":0},"b":{"0":[0,0]},"_coverageSchema":"1a1c01bbd47fc00a2c39e90264f33305004495a9","hash":"54d64b1b62b0a3a0b0fe7ff4cf7f4ffbfb1b099f"}
,"/home/lauro/ai-system-2.0/src/database/repositories/MessageRepository.js": {"path":"/home/lauro/ai-system-2.0/src/database/repositories/MessageRepository.js","statementMap":{"0":{"start":{"line":1,"column":15},"end":{"line":1,"column":38}},"1":{"start":{"line":15,"column":8},"end":{"line":27,"column":11}},"2":{"start":{"line":33,"column":25},"end":{"line":45,"column":10}},"3":{"start":{"line":47,"column":8},"end":{"line":53,"column":12}},"4":{"start":{"line":47,"column":36},"end":{"line":53,"column":9}},"5":{"start":{"line":59,"column":8},"end":{"line":65,"column":11}},"6":{"start":{"line":71,"column":0},"end":{"line":71,"column":41}}},"fnMap":{"0":{"name":"(anonymous_0)","decl":{"start":{"line":5,"column":4},"end":{"line":5,"column":5}},"loc":{"start":{"line":13,"column":7},"end":{"line":29,"column":5}},"line":13},"1":{"name":"(anonymous_1)","decl":{"start":{"line":31,"column":4},"end":{"line":31,"column":5}},"loc":{"start":{"line":31,"column":46},"end":{"line":55,"column":5}},"line":31},"2":{"name":"(anonymous_2)","decl":{"start":{"line":47,"column":28},"end":{"line":47,"column":29}},"loc":{"start":{"line":47,"column":36},"end":{"line":53,"column":9}},"line":47},"3":{"name":"(anonymous_3)","decl":{"start":{"line":57,"column":4},"end":{"line":57,"column":5}},"loc":{"start":{"line":57,"column":32},"end":{"line":67,"column":5}},"line":57}},"branchMap":{"0":{"loc":{"start":{"line":31,"column":34},"end":{"line":31,"column":44}},"type":"default-arg","locations":[{"start":{"line":31,"column":42},"end":{"line":31,"column":44}}],"line":31}},"s":{"0":1,"1":0,"2":0,"3":0,"4":0,"5":0,"6":1},"f":{"0":0,"1":0,"2":0,"3":0},"b":{"0":[0]},"_coverageSchema":"1a1c01bbd47fc00a2c39e90264f33305004495a9","hash":"f52c3fb2feddecd8e0cfab9efc23f9d1f43c2c19"}
,"/home/lauro/ai-system-2.0/src/providers/ProviderManager.js": {"path":"/home/lauro/ai-system-2.0/src/providers/ProviderManager.js","statementMap":{"0":{"start":{"line":5,"column":8},"end":{"line":5,"column":35}},"1":{"start":{"line":7,"column":8},"end":{"line":7,"column":36}},"2":{"start":{"line":13,"column":8},"end":{"line":19,"column":9}},"3":{"start":{"line":15,"column":12},"end":{"line":17,"column":14}},"4":{"start":{"line":21,"column":8},"end":{"line":24,"column":10}},"5":{"start":{"line":30,"column":8},"end":{"line":30,"column":40}},"6":{"start":{"line":36,"column":8},"end":{"line":42,"column":9}},"7":{"start":{"line":38,"column":12},"end":{"line":40,"column":14}},"8":{"start":{"line":44,"column":8},"end":{"line":44,"column":36}},"9":{"start":{"line":51,"column":12},"end":{"line":51,"column":40}},"10":{"start":{"line":53,"column":8},"end":{"line":59,"column":9}},"11":{"start":{"line":55,"column":12},"end":{"line":57,"column":14}},"12":{"start":{"line":62,"column":12},"end":{"line":62,"column":44}},"13":{"start":{"line":64,"column":8},"end":{"line":70,"column":9}},"14":{"start":{"line":66,"column":12},"end":{"line":68,"column":14}},"15":{"start":{"line":72,"column":8},"end":{"line":72,"column":24}},"16":{"start":{"line":78,"column":8},"end":{"line":78,"column":30}},"17":{"start":{"line":84,"column":8},"end":{"line":97,"column":9}},"18":{"start":{"line":89,"column":12},"end":{"line":95,"column":13}},"19":{"start":{"line":93,"column":16},"end":{"line":93,"column":44}},"20":{"start":{"line":104,"column":12},"end":{"line":104,"column":42}},"21":{"start":{"line":106,"column":8},"end":{"line":106,"column":42}},"22":{"start":{"line":112,"column":8},"end":{"line":112,"column":37}},"23":{"start":{"line":119,"column":12},"end":{"line":119,"column":42}},"24":{"start":{"line":121,"column":8},"end":{"line":121,"column":40}},"25":{"start":{"line":127,"column":23},"end":{"line":127,"column":25}},"26":{"start":{"line":129,"column":8},"end":{"line":138,"column":9}},"27":{"start":{"line":134,"column":12},"end":{"line":136,"column":14}},"28":{"start":{"line":140,"column":8},"end":{"line":140,"column":22}},"29":{"start":{"line":146,"column":0},"end":{"line":146,"column":39}}},"fnMap":{"0":{"name":"(anonymous_0)","decl":{"start":{"line":3,"column":4},"end":{"line":3,"column":5}},"loc":{"start":{"line":3,"column":18},"end":{"line":9,"column":5}},"line":3},"1":{"name":"(anonymous_1)","decl":{"start":{"line":11,"column":4},"end":{"line":11,"column":5}},"loc":{"start":{"line":11,"column":23},"end":{"line":26,"column":5}},"line":11},"2":{"name":"(anonymous_2)","decl":{"start":{"line":28,"column":4},"end":{"line":28,"column":5}},"loc":{"start":{"line":28,"column":14},"end":{"line":32,"column":5}},"line":28},"3":{"name":"(anonymous_3)","decl":{"start":{"line":34,"column":4},"end":{"line":34,"column":5}},"loc":{"start":{"line":34,"column":21},"end":{"line":46,"column":5}},"line":34},"4":{"name":"(anonymous_4)","decl":{"start":{"line":48,"column":4},"end":{"line":48,"column":5}},"loc":{"start":{"line":48,"column":25},"end":{"line":74,"column":5}},"line":48},"5":{"name":"(anonymous_5)","decl":{"start":{"line":76,"column":4},"end":{"line":76,"column":5}},"loc":{"start":{"line":76,"column":14},"end":{"line":80,"column":5}},"line":76},"6":{"name":"(anonymous_6)","decl":{"start":{"line":82,"column":4},"end":{"line":82,"column":5}},"loc":{"start":{"line":82,"column":23},"end":{"line":99,"column":5}},"line":82},"7":{"name":"(anonymous_7)","decl":{"start":{"line":101,"column":4},"end":{"line":101,"column":5}},"loc":{"start":{"line":101,"column":32},"end":{"line":108,"column":5}},"line":101},"8":{"name":"(anonymous_8)","decl":{"start":{"line":110,"column":4},"end":{"line":110,"column":5}},"loc":{"start":{"line":110,"column":33},"end":{"line":114,"column":5}},"line":110},"9":{"name":"(anonymous_9)","decl":{"start":{"line":116,"column":4},"end":{"line":116,"column":5}},"loc":{"start":{"line":116,"column":31},"end":{"line":123,"column":5}},"line":116},"10":{"name":"(anonymous_10)","decl":{"start":{"line":125,"column":4},"end":{"line":125,"column":5}},"loc":{"start":{"line":125,"column":19},"end":{"line":142,"column":5}},"line":125}},"branchMap":{"0":{"loc":{"start":{"line":13,"column":8},"end":{"line":19,"column":9}},"type":"if","locations":[{"start":{"line":13,"column":8},"end":{"line":19,"column":9}},{"start":{},"end":{}}],"line":13},"1":{"loc":{"start":{"line":13,"column":12},"end":{"line":13,"column":39}},"type":"binary-expr","locations":[{"start":{"line":13,"column":12},"end":{"line":13,"column":21}},{"start":{"line":13,"column":25},"end":{"line":13,"column":39}}],"line":13},"2":{"loc":{"start":{"line":36,"column":8},"end":{"line":42,"column":9}},"type":"if","locations":[{"start":{"line":36,"column":8},"end":{"line":42,"column":9}},{"start":{},"end":{}}],"line":36},"3":{"loc":{"start":{"line":48,"column":12},"end":{"line":48,"column":23}},"type":"default-arg","locations":[{"start":{"line":48,"column":19},"end":{"line":48,"column":23}}],"line":48},"4":{"loc":{"start":{"line":51,"column":12},"end":{"line":51,"column":40}},"type":"binary-expr","locations":[{"start":{"line":51,"column":12},"end":{"line":51,"column":16}},{"start":{"line":51,"column":20},"end":{"line":51,"column":40}}],"line":51},"5":{"loc":{"start":{"line":53,"column":8},"end":{"line":59,"column":9}},"type":"if","locations":[{"start":{"line":53,"column":8},"end":{"line":59,"column":9}},{"start":{},"end":{}}],"line":53},"6":{"loc":{"start":{"line":64,"column":8},"end":{"line":70,"column":9}},"type":"if","locations":[{"start":{"line":64,"column":8},"end":{"line":70,"column":9}},{"start":{},"end":{}}],"line":64},"7":{"loc":{"start":{"line":89,"column":12},"end":{"line":95,"column":13}},"type":"if","locations":[{"start":{"line":89,"column":12},"end":{"line":95,"column":13}},{"start":{},"end":{}}],"line":89},"8":{"loc":{"start":{"line":101,"column":18},"end":{"line":101,"column":30}},"type":"default-arg","locations":[{"start":{"line":101,"column":28},"end":{"line":101,"column":30}}],"line":101},"9":{"loc":{"start":{"line":110,"column":19},"end":{"line":110,"column":31}},"type":"default-arg","locations":[{"start":{"line":110,"column":29},"end":{"line":110,"column":31}}],"line":110},"10":{"loc":{"start":{"line":116,"column":17},"end":{"line":116,"column":29}},"type":"default-arg","locations":[{"start":{"line":116,"column":27},"end":{"line":116,"column":29}}],"line":116}},"s":{"0":2,"1":2,"2":1,"3":1,"4":0,"5":1,"6":1,"7":1,"8":0,"9":5,"10":5,"11":4,"12":1,"13":1,"14":1,"15":0,"16":1,"17":1,"18":0,"19":0,"20":2,"21":0,"22":1,"23":1,"24":0,"25":1,"26":1,"27":0,"28":1,"29":2},"f":{"0":2,"1":1,"2":1,"3":1,"4":5,"5":1,"6":1,"7":2,"8":1,"9":1,"10":1},"b":{"0":[1,0],"1":[1,1],"2":[1,0],"3":[4],"4":[5,4],"5":[4,1],"6":[1,0],"7":[0,0],"8":[0],"9":[0],"10":[0]},"_coverageSchema":"1a1c01bbd47fc00a2c39e90264f33305004495a9","hash":"20f6e9ea74282570243896d8b668a27db462a10d"}
,"/home/lauro/ai-system-2.0/src/routing/AgentRouter.js": {"path":"/home/lauro/ai-system-2.0/src/routing/AgentRouter.js","statementMap":{"0":{"start":{"line":1,"column":22},"end":{"line":1,"column":54}},"1":{"start":{"line":17,"column":8},"end":{"line":22,"column":9}},"2":{"start":{"line":18,"column":12},"end":{"line":20,"column":13}},"3":{"start":{"line":19,"column":16},"end":{"line":19,"column":80}},"4":{"start":{"line":21,"column":12},"end":{"line":21,"column":42}},"5":{"start":{"line":29,"column":8},"end":{"line":31,"column":9}},"6":{"start":{"line":30,"column":12},"end":{"line":30,"column":53}},"7":{"start":{"line":33,"column":21},"end":{"line":36,"column":44}},"8":{"start":{"line":45,"column":37},"end":{"line":56,"column":10}},"9":{"start":{"line":58,"column":8},"end":{"line":60,"column":9}},"10":{"start":{"line":59,"column":12},"end":{"line":59,"column":44}},"11":{"start":{"line":67,"column":34},"end":{"line":70,"column":10}},"12":{"start":{"line":72,"column":8},"end":{"line":74,"column":9}},"13":{"start":{"line":73,"column":12},"end":{"line":73,"column":43}},"14":{"start":{"line":83,"column":24},"end":{"line":92,"column":10}},"15":{"start":{"line":94,"column":8},"end":{"line":96,"column":9}},"16":{"start":{"line":95,"column":12},"end":{"line":95,"column":42}},"17":{"start":{"line":103,"column":8},"end":{"line":103,"column":49}},"18":{"start":{"line":107,"column":8},"end":{"line":109,"column":9}},"19":{"start":{"line":108,"column":12},"end":{"line":108,"column":52}},"20":{"start":{"line":111,"column":8},"end":{"line":111,"column":41}},"21":{"start":{"line":115,"column":22},"end":{"line":115,"column":43}},"22":{"start":{"line":117,"column":8},"end":{"line":119,"column":9}},"23":{"start":{"line":118,"column":12},"end":{"line":118,"column":61}},"24":{"start":{"line":121,"column":8},"end":{"line":121,"column":21}},"25":{"start":{"line":125,"column":8},"end":{"line":125,"column":64}},"26":{"start":{"line":125,"column":40},"end":{"line":125,"column":62}},"27":{"start":{"line":129,"column":0},"end":{"line":129,"column":35}}},"fnMap":{"0":{"name":"(anonymous_0)","decl":{"start":{"line":5,"column":4},"end":{"line":5,"column":5}},"loc":{"start":{"line":10,"column":7},"end":{"line":104,"column":5}},"line":10},"1":{"name":"(anonymous_1)","decl":{"start":{"line":106,"column":4},"end":{"line":106,"column":5}},"loc":{"start":{"line":106,"column":33},"end":{"line":112,"column":5}},"line":106},"2":{"name":"(anonymous_2)","decl":{"start":{"line":114,"column":4},"end":{"line":114,"column":5}},"loc":{"start":{"line":114,"column":17},"end":{"line":122,"column":5}},"line":114},"3":{"name":"(anonymous_3)","decl":{"start":{"line":124,"column":4},"end":{"line":124,"column":5}},"loc":{"start":{"line":124,"column":28},"end":{"line":126,"column":5}},"line":124},"4":{"name":"(anonymous_4)","decl":{"start":{"line":125,"column":29},"end":{"line":125,"column":30}},"loc":{"start":{"line":125,"column":40},"end":{"line":125,"column":62}},"line":125}},"branchMap":{"0":{"loc":{"start":{"line":9,"column":8},"end":{"line":9,"column":31}},"type":"default-arg","locations":[{"start":{"line":9,"column":23},"end":{"line":9,"column":31}}],"line":9},"1":{"loc":{"start":{"line":17,"column":8},"end":{"line":22,"column":9}},"type":"if","locations":[{"start":{"line":17,"column":8},"end":{"line":22,"column":9}},{"start":{},"end":{}}],"line":17},"2":{"loc":{"start":{"line":18,"column":12},"end":{"line":20,"column":13}},"type":"if","locations":[{"start":{"line":18,"column":12},"end":{"line":20,"column":13}},{"start":{},"end":{}}],"line":18},"3":{"loc":{"start":{"line":29,"column":8},"end":{"line":31,"column":9}},"type":"if","locations":[{"start":{"line":29,"column":8},"end":{"line":31,"column":9}},{"start":{},"end":{}}],"line":29},"4":{"loc":{"start":{"line":29,"column":12},"end":{"line":29,"column":51}},"type":"binary-expr","locations":[{"start":{"line":29,"column":12},"end":{"line":29,"column":20}},{"start":{"line":29,"column":24},"end":{"line":29,"column":51}}],"line":29},"5":{"loc":{"start":{"line":58,"column":8},"end":{"line":60,"column":9}},"type":"if","locations":[{"start":{"line":58,"column":8},"end":{"line":60,"column":9}},{"start":{},"end":{}}],"line":58},"6":{"loc":{"start":{"line":72,"column":8},"end":{"line":74,"column":9}},"type":"if","locations":[{"start":{"line":72,"column":8},"end":{"line":74,"column":9}},{"start":{},"end":{}}],"line":72},"7":{"loc":{"start":{"line":94,"column":8},"end":{"line":96,"column":9}},"type":"if","locations":[{"start":{"line":94,"column":8},"end":{"line":96,"column":9}},{"start":{},"end":{}}],"line":94},"8":{"loc":{"start":{"line":107,"column":8},"end":{"line":109,"column":9}},"type":"if","locations":[{"start":{"line":107,"column":8},"end":{"line":109,"column":9}},{"start":{},"end":{}}],"line":107},"9":{"loc":{"start":{"line":107,"column":12},"end":{"line":107,"column":72}},"type":"binary-expr","locations":[{"start":{"line":107,"column":12},"end":{"line":107,"column":19}},{"start":{"line":107,"column":23},"end":{"line":107,"column":36}},{"start":{"line":107,"column":40},"end":{"line":107,"column":72}}],"line":107},"10":{"loc":{"start":{"line":117,"column":8},"end":{"line":119,"column":9}},"type":"if","locations":[{"start":{"line":117,"column":8},"end":{"line":119,"column":9}},{"start":{},"end":{}}],"line":117}},"s":{"0":3,"1":29,"2":2,"3":1,"4":1,"5":27,"6":0,"7":27,"8":27,"9":27,"10":10,"11":17,"12":17,"13":4,"14":13,"15":13,"16":11,"17":2,"18":2,"19":1,"20":1,"21":27,"22":27,"23":0,"24":27,"25":57,"26":765,"27":3},"f":{"0":29,"1":2,"2":27,"3":57,"4":765},"b":{"0":[27],"1":[2,27],"2":[1,1],"3":[0,27],"4":[27,27],"5":[10,17],"6":[4,13],"7":[11,2],"8":[1,1],"9":[2,1,1],"10":[0,27]},"_coverageSchema":"1a1c01bbd47fc00a2c39e90264f33305004495a9","hash":"2838a095676bd6ada9c3f50f51ed908ed1e076f7"}
,"/home/lauro/ai-system-2.0/src/services/TenantService.js": {"path":"/home/lauro/ai-system-2.0/src/services/TenantService.js","statementMap":{"0":{"start":{"line":2,"column":4},"end":{"line":2,"column":24}},"1":{"start":{"line":10,"column":8},"end":{"line":16,"column":9}},"2":{"start":{"line":12,"column":12},"end":{"line":14,"column":14}},"3":{"start":{"line":19,"column":12},"end":{"line":28,"column":14}},"4":{"start":{"line":30,"column":8},"end":{"line":36,"column":9}},"5":{"start":{"line":32,"column":12},"end":{"line":34,"column":14}},"6":{"start":{"line":38,"column":8},"end":{"line":44,"column":9}},"7":{"start":{"line":40,"column":12},"end":{"line":42,"column":14}},"8":{"start":{"line":46,"column":8},"end":{"line":46,"column":22}},"9":{"start":{"line":52,"column":0},"end":{"line":53,"column":24}}},"fnMap":{"0":{"name":"(anonymous_0)","decl":{"start":{"line":6,"column":4},"end":{"line":6,"column":5}},"loc":{"start":{"line":8,"column":7},"end":{"line":48,"column":5}},"line":8}},"branchMap":{"0":{"loc":{"start":{"line":10,"column":8},"end":{"line":16,"column":9}},"type":"if","locations":[{"start":{"line":10,"column":8},"end":{"line":16,"column":9}},{"start":{},"end":{}}],"line":10},"1":{"loc":{"start":{"line":30,"column":8},"end":{"line":36,"column":9}},"type":"if","locations":[{"start":{"line":30,"column":8},"end":{"line":36,"column":9}},{"start":{},"end":{}}],"line":30},"2":{"loc":{"start":{"line":38,"column":8},"end":{"line":44,"column":9}},"type":"if","locations":[{"start":{"line":38,"column":8},"end":{"line":44,"column":9}},{"start":{},"end":{}}],"line":38}},"s":{"0":1,"1":0,"2":0,"3":0,"4":0,"5":0,"6":0,"7":0,"8":0,"9":1},"f":{"0":0},"b":{"0":[0,0],"1":[0,0],"2":[0,0]},"_coverageSchema":"1a1c01bbd47fc00a2c39e90264f33305004495a9","hash":"19f29e7bd4daf7ae6b9aaa9a30b1233385b20390"}
,"/home/lauro/ai-system-2.0/src/services/UserService.js": {"path":"/home/lauro/ai-system-2.0/src/services/UserService.js","statementMap":{"0":{"start":{"line":1,"column":15},"end":{"line":1,"column":35}},"1":{"start":{"line":5,"column":8},"end":{"line":7,"column":9}},"2":{"start":{"line":6,"column":12},"end":{"line":6,"column":55}},"3":{"start":{"line":9,"column":8},"end":{"line":11,"column":9}},"4":{"start":{"line":10,"column":12},"end":{"line":10,"column":53}},"5":{"start":{"line":13,"column":19},"end":{"line":18,"column":10}},"6":{"start":{"line":21,"column":8},"end":{"line":32,"column":9}},"7":{"start":{"line":22,"column":12},"end":{"line":29,"column":15}},"8":{"start":{"line":31,"column":12},"end":{"line":31,"column":91}},"9":{"start":{"line":34,"column":8},"end":{"line":34,"column":20}},"10":{"start":{"line":38,"column":8},"end":{"line":40,"column":9}},"11":{"start":{"line":39,"column":12},"end":{"line":39,"column":57}},"12":{"start":{"line":42,"column":8},"end":{"line":49,"column":11}},"13":{"start":{"line":53,"column":8},"end":{"line":55,"column":9}},"14":{"start":{"line":54,"column":12},"end":{"line":54,"column":52}},"15":{"start":{"line":57,"column":8},"end":{"line":64,"column":11}},"16":{"start":{"line":68,"column":0},"end":{"line":68,"column":35}}},"fnMap":{"0":{"name":"(anonymous_0)","decl":{"start":{"line":4,"column":4},"end":{"line":4,"column":5}},"loc":{"start":{"line":4,"column":72},"end":{"line":35,"column":5}},"line":4},"1":{"name":"(anonymous_1)","decl":{"start":{"line":37,"column":4},"end":{"line":37,"column":5}},"loc":{"start":{"line":37,"column":42},"end":{"line":50,"column":5}},"line":37},"2":{"name":"(anonymous_2)","decl":{"start":{"line":52,"column":4},"end":{"line":52,"column":5}},"loc":{"start":{"line":52,"column":32},"end":{"line":65,"column":5}},"line":52}},"branchMap":{"0":{"loc":{"start":{"line":4,"column":38},"end":{"line":4,"column":49}},"type":"default-arg","locations":[{"start":{"line":4,"column":45},"end":{"line":4,"column":49}}],"line":4},"1":{"loc":{"start":{"line":4,"column":51},"end":{"line":4,"column":68}},"type":"default-arg","locations":[{"start":{"line":4,"column":58},"end":{"line":4,"column":68}}],"line":4},"2":{"loc":{"start":{"line":5,"column":8},"end":{"line":7,"column":9}},"type":"if","locations":[{"start":{"line":5,"column":8},"end":{"line":7,"column":9}},{"start":{},"end":{}}],"line":5},"3":{"loc":{"start":{"line":9,"column":8},"end":{"line":11,"column":9}},"type":"if","locations":[{"start":{"line":9,"column":8},"end":{"line":11,"column":9}},{"start":{},"end":{}}],"line":9},"4":{"loc":{"start":{"line":21,"column":8},"end":{"line":32,"column":9}},"type":"if","locations":[{"start":{"line":21,"column":8},"end":{"line":32,"column":9}},{"start":{},"end":{}}],"line":21},"5":{"loc":{"start":{"line":26,"column":26},"end":{"line":26,"column":63}},"type":"binary-expr","locations":[{"start":{"line":26,"column":26},"end":{"line":26,"column":30}},{"start":{"line":26,"column":34},"end":{"line":26,"column":63}}],"line":26},"6":{"loc":{"start":{"line":38,"column":8},"end":{"line":40,"column":9}},"type":"if","locations":[{"start":{"line":38,"column":8},"end":{"line":40,"column":9}},{"start":{},"end":{}}],"line":38},"7":{"loc":{"start":{"line":53,"column":8},"end":{"line":55,"column":9}},"type":"if","locations":[{"start":{"line":53,"column":8},"end":{"line":55,"column":9}},{"start":{},"end":{}}],"line":53}},"s":{"0":1,"1":0,"2":0,"3":0,"4":0,"5":0,"6":0,"7":0,"8":0,"9":0,"10":0,"11":0,"12":0,"13":0,"14":0,"15":0,"16":1},"f":{"0":0,"1":0,"2":0},"b":{"0":[0],"1":[0],"2":[0,0],"3":[0,0],"4":[0,0],"5":[0,0],"6":[0,0],"7":[0,0]},"_coverageSchema":"1a1c01bbd47fc00a2c39e90264f33305004495a9","hash":"cc14ffeb82fcbf53463f90a934512ab6b7f52260"}
,"/home/lauro/ai-system-2.0/src/tools/deliveryTools.js": {"path":"/home/lauro/ai-system-2.0/src/tools/deliveryTools.js","statementMap":{"0":{"start":{"line":1,"column":25},"end":{"line":1,"column":50}},"1":{"start":{"line":3,"column":15},"end":{"line":3,"column":33}},"2":{"start":{"line":9,"column":2},"end":{"line":93,"column":3}},"3":{"start":{"line":10,"column":4},"end":{"line":15,"column":5}},"4":{"start":{"line":11,"column":6},"end":{"line":14,"column":8}},"5":{"start":{"line":17,"column":21},"end":{"line":32,"column":6}},"6":{"start":{"line":34,"column":4},"end":{"line":40,"column":5}},"7":{"start":{"line":35,"column":6},"end":{"line":39,"column":8}},"8":{"start":{"line":42,"column":4},"end":{"line":50,"column":5}},"9":{"start":{"line":43,"column":6},"end":{"line":49,"column":8}},"10":{"start":{"line":52,"column":25},"end":{"line":55,"column":6}},"11":{"start":{"line":57,"column":4},"end":{"line":66,"column":5}},"12":{"start":{"line":58,"column":6},"end":{"line":65,"column":8}},"13":{"start":{"line":68,"column":20},"end":{"line":68,"column":102}},"14":{"start":{"line":70,"column":4},"end":{"line":85,"column":6}},"15":{"start":{"line":87,"column":4},"end":{"line":87,"column":79}},"16":{"start":{"line":88,"column":4},"end":{"line":92,"column":6}},"17":{"start":{"line":96,"column":33},"end":{"line":115,"column":1}},"18":{"start":{"line":117,"column":0},"end":{"line":120,"column":2}}},"fnMap":{"0":{"name":"getDeliveryStatusTool","decl":{"start":{"line":8,"column":15},"end":{"line":8,"column":36}},"loc":{"start":{"line":8,"column":69},"end":{"line":94,"column":1}},"line":8}},"branchMap":{"0":{"loc":{"start":{"line":10,"column":4},"end":{"line":15,"column":5}},"type":"if","locations":[{"start":{"line":10,"column":4},"end":{"line":15,"column":5}},{"start":{},"end":{}}],"line":10},"1":{"loc":{"start":{"line":10,"column":8},"end":{"line":10,"column":38}},"type":"binary-expr","locations":[{"start":{"line":10,"column":8},"end":{"line":10,"column":20}},{"start":{"line":10,"column":24},"end":{"line":10,"column":38}}],"line":10},"2":{"loc":{"start":{"line":19,"column":12},"end":{"line":19,"column":46}},"type":"cond-expr","locations":[{"start":{"line":19,"column":26},"end":{"line":19,"column":41}},{"start":{"line":19,"column":44},"end":{"line":19,"column":46}}],"line":19},"3":{"loc":{"start":{"line":20,"column":12},"end":{"line":20,"column":50}},"type":"cond-expr","locations":[{"start":{"line":20,"column":28},"end":{"line":20,"column":45}},{"start":{"line":20,"column":48},"end":{"line":20,"column":50}}],"line":20},"4":{"loc":{"start":{"line":34,"column":4},"end":{"line":40,"column":5}},"type":"if","locations":[{"start":{"line":34,"column":4},"end":{"line":40,"column":5}},{"start":{},"end":{}}],"line":34},"5":{"loc":{"start":{"line":42,"column":4},"end":{"line":50,"column":5}},"type":"if","locations":[{"start":{"line":42,"column":4},"end":{"line":50,"column":5}},{"start":{},"end":{}}],"line":42},"6":{"loc":{"start":{"line":42,"column":8},"end":{"line":42,"column":62}},"type":"binary-expr","locations":[{"start":{"line":42,"column":8},"end":{"line":42,"column":40}},{"start":{"line":42,"column":44},"end":{"line":42,"column":62}}],"line":42},"7":{"loc":{"start":{"line":57,"column":4},"end":{"line":66,"column":5}},"type":"if","locations":[{"start":{"line":57,"column":4},"end":{"line":66,"column":5}},{"start":{},"end":{}}],"line":57},"8":{"loc":{"start":{"line":76,"column":18},"end":{"line":76,"column":55}},"type":"binary-expr","locations":[{"start":{"line":76,"column":18},"end":{"line":76,"column":39}},{"start":{"line":76,"column":43},"end":{"line":76,"column":55}}],"line":76},"9":{"loc":{"start":{"line":77,"column":15},"end":{"line":77,"column":63}},"type":"binary-expr","locations":[{"start":{"line":77,"column":15},"end":{"line":77,"column":39}},{"start":{"line":77,"column":43},"end":{"line":77,"column":63}}],"line":77}},"s":{"0":1,"1":1,"2":0,"3":0,"4":0,"5":0,"6":0,"7":0,"8":0,"9":0,"10":0,"11":0,"12":0,"13":0,"14":0,"15":0,"16":0,"17":1,"18":1},"f":{"0":0},"b":{"0":[0,0],"1":[0,0],"2":[0,0],"3":[0,0],"4":[0,0],"5":[0,0],"6":[0,0],"7":[0,0],"8":[0,0],"9":[0,0]},"_coverageSchema":"1a1c01bbd47fc00a2c39e90264f33305004495a9","hash":"a3bfa1c4991243a26396d3569aaae6d361b26da6"}
}
