TN:
SF:src/prisma.js
FNF:0
FNH:0
DA:1,1
DA:3,1
DA:5,1
LF:3
LH:3
BRF:0
BRH:0
end_of_record
TN:
SF:src/config/ai.js
FNF:0
FNH:0
DA:1,2
LF:1
LH:1
BRDA:3,0,0,2
BRDA:3,0,1,0
BRDA:5,1,0,2
BRDA:5,1,1,0
BRDA:8,2,0,2
BRDA:8,2,1,0
BRDA:12,3,0,2
BRDA:12,3,1,0
BRDA:16,4,0,2
BRDA:16,4,1,0
BRF:10
BRH:5
end_of_record
TN:
SF:src/core/Agent.js
FN:3,(anonymous_0)
FN:49,(anonymous_1)
FN:53,(anonymous_2)
FN:57,(anonymous_3)
FN:61,(anonymous_4)
FN:65,(anonymous_5)
FN:73,(anonymous_6)
FN:77,(anonymous_7)
FN:81,(anonymous_8)
FN:85,(anonymous_9)
FN:93,(anonymous_10)
FN:97,(anonymous_11)
FN:99,(anonymous_12)
FN:111,(anonymous_13)
FN:117,(anonymous_14)
FN:119,(anonymous_15)
FN:135,(anonymous_16)
FN:139,(anonymous_17)
FN:149,(anonymous_18)
FN:153,(anonymous_19)
FN:157,(anonymous_20)
FN:161,(anonymous_21)
FN:169,(anonymous_22)
FNF:23
FNH:2
FNDA:6,(anonymous_0)
FNDA:9,(anonymous_1)
FNDA:0,(anonymous_2)
FNDA:0,(anonymous_3)
FNDA:0,(anonymous_4)
FNDA:0,(anonymous_5)
FNDA:0,(anonymous_6)
FNDA:0,(anonymous_7)
FNDA:0,(anonymous_8)
FNDA:0,(anonymous_9)
FNDA:0,(anonymous_10)
FNDA:0,(anonymous_11)
FNDA:0,(anonymous_12)
FNDA:0,(anonymous_13)
FNDA:0,(anonymous_14)
FNDA:0,(anonymous_15)
FNDA:0,(anonymous_16)
FNDA:0,(anonymous_17)
FNDA:0,(anonymous_18)
FNDA:0,(anonymous_19)
FNDA:0,(anonymous_20)
FNDA:0,(anonymous_21)
FNDA:0,(anonymous_22)
DA:5,6
DA:7,6
DA:9,6
DA:12,6
DA:15,6
DA:18,6
DA:23,6
DA:25,6
DA:27,6
DA:29,6
DA:32,6
DA:34,6
DA:37,6
DA:39,6
DA:41,6
DA:50,9
DA:54,0
DA:58,0
DA:62,0
DA:66,0
DA:74,0
DA:78,0
DA:82,0
DA:86,0
DA:94,0
DA:99,0
DA:101,0
DA:102,0
DA:105,0
DA:113,0
DA:119,0
DA:121,0
DA:122,0
DA:125,0
DA:136,0
DA:141,0
DA:150,0
DA:154,0
DA:158,0
DA:162,0
DA:171,0
DA:209,1
LF:42
LH:17
BRDA:3,0,0,0
BRDA:9,1,0,6
BRDA:9,1,1,6
BRDA:12,2,0,6
BRDA:12,2,1,6
BRDA:15,3,0,6
BRDA:15,3,1,6
BRDA:18,4,0,0
BRDA:18,4,1,6
BRDA:23,5,0,6
BRDA:23,5,1,6
BRDA:25,6,0,6
BRDA:25,6,1,6
BRDA:27,7,0,6
BRDA:27,7,1,6
BRDA:29,8,0,6
BRDA:29,8,1,6
BRDA:34,9,0,6
BRDA:34,9,1,6
BRDA:39,10,0,6
BRDA:39,10,1,6
BRDA:41,11,0,6
BRDA:41,11,1,6
BRDA:101,12,0,0
BRDA:101,12,1,0
BRDA:121,13,0,0
BRDA:121,13,1,0
BRF:27
BRH:21
end_of_record
TN:
SF:src/core/AgentRegistry.js
FN:3,(anonymous_0)
FN:7,(anonymous_1)
FN:13,(anonymous_2)
FN:19,(anonymous_3)
FN:25,(anonymous_4)
FN:31,(anonymous_5)
FN:37,(anonymous_6)
FNF:7
FNH:4
FNDA:2,(anonymous_0)
FNDA:6,(anonymous_1)
FNDA:3,(anonymous_2)
FNDA:0,(anonymous_3)
FNDA:0,(anonymous_4)
FNDA:3,(anonymous_5)
FNDA:0,(anonymous_6)
DA:4,2
DA:9,6
DA:15,3
DA:21,0
DA:27,0
DA:33,3
DA:39,0
DA:45,2
LF:8
LH:5
BRF:0
BRH:0
end_of_record
TN:
SF:src/core/ChatPipeline.js
FN:13,(anonymous_0)
FNF:1
FNH:0
FNDA:0,(anonymous_0)
DA:1,1
DA:2,1
DA:3,1
DA:4,1
DA:5,1
DA:6,1
DA:7,1
DA:8,1
DA:9,1
DA:10,1
DA:17,0
DA:22,0
DA:30,0
DA:37,0
DA:43,0
DA:44,0
DA:45,0
DA:46,0
DA:51,0
DA:61,0
DA:66,0
DA:71,0
DA:84,0
DA:89,0
DA:90,0
DA:96,0
DA:103,0
DA:126,0
DA:135,0
DA:142,0
DA:150,0
DA:158,0
DA:174,1
LF:33
LH:11
BRDA:55,0,0,0
BRDA:55,0,1,0
BRDA:89,1,0,0
BRDA:89,1,1,0
BRDA:96,2,0,0
BRDA:96,2,1,0
BRDA:126,3,0,0
BRDA:126,3,1,0
BRDA:129,4,0,0
BRDA:129,4,1,0
BRDA:129,4,2,0
BRDA:135,5,0,0
BRDA:135,5,1,0
BRDA:135,6,0,0
BRDA:135,6,1,0
BRF:15
BRH:0
end_of_record
TN:
SF:src/core/ContextBuilder.js
FN:3,(anonymous_0)
FN:68,(anonymous_1)
FN:71,(anonymous_2)
FN:88,(anonymous_3)
FN:135,(anonymous_4)
FN:153,(anonymous_5)
FN:159,(anonymous_6)
FN:172,(anonymous_7)
FNF:8
FNH:2
FNDA:0,(anonymous_0)
FNDA:1,(anonymous_1)
FNDA:1,(anonymous_2)
FNDA:0,(anonymous_3)
FNDA:0,(anonymous_4)
FNDA:0,(anonymous_5)
FNDA:0,(anonymous_6)
FNDA:0,(anonymous_7)
DA:14,0
DA:34,0
DA:69,1
DA:71,1
DA:72,1
DA:73,1
DA:75,1
DA:76,1
DA:77,1
DA:79,0
DA:80,0
DA:84,1
DA:93,0
DA:98,0
DA:110,0
DA:111,0
DA:113,0
DA:122,0
DA:123,0
DA:132,0
DA:136,0
DA:140,0
DA:143,0
DA:154,0
DA:160,0
DA:161,0
DA:164,0
DA:178,0
DA:201,1
LF:29
LH:9
BRDA:7,0,0,0
BRDA:8,1,0,0
BRDA:10,2,0,0
BRDA:11,3,0,0
BRDA:12,4,0,0
BRDA:68,5,0,0
BRDA:69,6,0,0
BRDA:69,6,1,1
BRDA:69,7,0,1
BRDA:69,7,1,1
BRDA:76,8,0,1
BRDA:76,8,1,0
BRDA:76,9,0,1
BRDA:76,9,1,1
BRDA:76,9,2,1
BRDA:84,10,0,1
BRDA:84,10,1,0
BRDA:84,11,0,1
BRDA:84,11,1,1
BRDA:99,12,0,0
BRDA:99,12,1,0
BRDA:100,13,0,0
BRDA:100,13,1,0
BRDA:102,14,0,0
BRDA:102,14,1,0
BRDA:103,15,0,0
BRDA:103,15,1,0
BRDA:104,16,0,0
BRDA:104,16,1,0
BRDA:110,17,0,0
BRDA:110,17,1,0
BRDA:122,18,0,0
BRDA:122,18,1,0
BRDA:122,19,0,0
BRDA:122,19,1,0
BRDA:136,20,0,0
BRDA:136,20,1,0
BRDA:137,21,0,0
BRDA:137,21,1,0
BRDA:154,22,0,0
BRDA:154,22,1,0
BRDA:160,23,0,0
BRDA:160,23,1,0
BRDA:189,24,0,0
BRDA:189,24,1,0
BRDA:193,25,0,0
BRDA:193,25,1,0
BRF:47
BRH:10
end_of_record
TN:
SF:src/core/MemoryManager.js
FN:12,(anonymous_0)
FN:63,(anonymous_1)
FN:91,(anonymous_2)
FN:119,(anonymous_3)
FNF:4
FNH:0
FNDA:0,(anonymous_0)
FNDA:0,(anonymous_1)
FNDA:0,(anonymous_2)
FNDA:0,(anonymous_3)
DA:2,1
DA:5,1
DA:8,1
DA:18,0
DA:19,0
DA:24,0
DA:26,0
DA:31,0
DA:32,0
DA:39,0
DA:45,0
DA:53,0
DA:57,0
DA:71,0
DA:73,0
DA:79,0
DA:99,0
DA:101,0
DA:107,0
DA:121,0
DA:129,1
LF:21
LH:4
BRDA:18,0,0,0
BRDA:18,0,1,0
BRDA:24,1,0,0
BRDA:24,1,1,0
BRDA:31,2,0,0
BRDA:31,2,1,0
BRDA:71,3,0,0
BRDA:71,3,1,0
BRDA:99,4,0,0
BRDA:99,4,1,0
BRF:10
BRH:0
end_of_record
TN:
SF:src/core/PromptManager.js
FN:6,(anonymous_0)
FN:12,(anonymous_1)
FN:34,(anonymous_2)
FNF:3
FNH:1
FNDA:1,(anonymous_0)
FNDA:0,(anonymous_1)
FNDA:0,(anonymous_2)
DA:1,1
DA:2,1
DA:8,1
DA:14,0
DA:15,0
DA:17,0
DA:22,0
DA:23,0
DA:26,0
DA:28,0
DA:30,0
DA:36,0
DA:42,1
LF:13
LH:4
BRDA:14,0,0,0
BRDA:14,0,1,0
BRDA:22,1,0,0
BRDA:22,1,1,0
BRF:4
BRH:0
end_of_record
TN:
SF:src/core/SessionManager.js
FN:3,(anonymous_0)
FN:7,(anonymous_1)
FN:39,(anonymous_2)
FN:64,(anonymous_3)
FN:87,(anonymous_4)
FN:120,(anonymous_5)
FN:133,(anonymous_6)
FN:156,(anonymous_7)
FN:161,(anonymous_8)
FN:167,(anonymous_9)
FN:181,(anonymous_10)
FN:195,(anonymous_11)
FNF:12
FNH:8
FNDA:2,(anonymous_0)
FNDA:5,(anonymous_1)
FNDA:0,(anonymous_2)
FNDA:0,(anonymous_3)
FNDA:2,(anonymous_4)
FNDA:0,(anonymous_5)
FNDA:3,(anonymous_6)
FNDA:1,(anonymous_7)
FNDA:4,(anonymous_8)
FNDA:5,(anonymous_9)
FNDA:0,(anonymous_10)
FNDA:10,(anonymous_11)
DA:4,2
DA:13,5
DA:19,5
DA:35,5
DA:36,5
DA:44,0
DA:50,0
DA:52,0
DA:53,0
DA:60,0
DA:61,0
DA:65,0
DA:66,0
DA:69,0
DA:70,0
DA:72,0
DA:73,0
DA:76,0
DA:88,2
DA:89,0
DA:92,2
DA:93,2
DA:94,2
DA:97,2
DA:98,0
DA:101,2
DA:109,2
DA:116,2
DA:117,2
DA:121,0
DA:122,0
DA:125,0
DA:126,0
DA:127,0
DA:134,3
DA:135,0
DA:138,3
DA:139,0
DA:142,3
DA:149,3
DA:150,3
DA:157,1
DA:158,0
DA:161,4
DA:172,5
DA:178,5
DA:186,0
DA:192,0
DA:200,10
DA:205,2
LF:50
LH:25
BRDA:11,0,0,0
BRDA:52,1,0,0
BRDA:52,1,1,0
BRDA:65,2,0,0
BRDA:65,2,1,0
BRDA:69,3,0,0
BRDA:69,3,1,0
BRDA:70,4,0,0
BRDA:70,4,1,0
BRDA:72,5,0,0
BRDA:72,5,1,0
BRDA:87,6,0,0
BRDA:88,7,0,0
BRDA:88,7,1,2
BRDA:92,8,0,2
BRDA:92,8,1,0
BRDA:97,9,0,0
BRDA:97,9,1,2
BRDA:121,10,0,0
BRDA:121,10,1,0
BRDA:134,11,0,0
BRDA:134,11,1,3
BRDA:138,12,0,0
BRDA:138,12,1,3
BRDA:157,13,0,0
BRDA:157,13,1,1
BRDA:157,14,0,1
BRDA:157,14,1,1
BRF:28
BRH:8
end_of_record
TN:
SF:src/core/ToolManager.js
FN:6,(anonymous_0)
FN:13,(anonymous_1)
FN:26,(anonymous_2)
FN:37,(anonymous_3)
FN:53,(anonymous_4)
FN:57,(anonymous_5)
FN:61,(anonymous_6)
FN:69,(anonymous_7)
FN:79,(anonymous_8)
FN:81,(anonymous_9)
FN:97,(anonymous_10)
FN:100,(anonymous_11)
FN:151,(anonymous_12)
FN:192,(anonymous_13)
FN:209,(anonymous_14)
FN:214,(anonymous_15)
FNF:16
FNH:3
FNDA:1,(anonymous_0)
FNDA:1,(anonymous_1)
FNDA:0,(anonymous_2)
FNDA:1,(anonymous_3)
FNDA:0,(anonymous_4)
FNDA:0,(anonymous_5)
FNDA:0,(anonymous_6)
FNDA:0,(anonymous_7)
FNDA:0,(anonymous_8)
FNDA:0,(anonymous_9)
FNDA:0,(anonymous_10)
FNDA:0,(anonymous_11)
FNDA:0,(anonymous_12)
FNDA:0,(anonymous_13)
FNDA:0,(anonymous_14)
FNDA:0,(anonymous_15)
DA:1,1
DA:2,1
DA:3,1
DA:7,1
DA:10,1
DA:14,1
DA:16,1
DA:18,1
DA:20,1
DA:22,1
DA:27,0
DA:38,1
DA:39,0
DA:42,1
DA:43,0
DA:46,1
DA:47,0
DA:50,1
DA:54,0
DA:58,0
DA:62,0
DA:70,0
DA:72,0
DA:73,0
DA:76,0
DA:78,0
DA:79,0
DA:83,0
DA:84,0
DA:86,0
DA:98,0
DA:100,0
DA:101,0
DA:107,0
DA:111,0
DA:118,0
DA:125,0
DA:126,0
DA:128,0
DA:129,0
DA:130,0
DA:134,0
DA:152,0
DA:154,0
DA:155,0
DA:161,0
DA:168,0
DA:169,0
DA:172,0
DA:173,0
DA:176,0
DA:177,0
DA:180,0
DA:181,0
DA:187,0
DA:188,0
DA:192,0
DA:193,0
DA:196,0
DA:197,0
DA:206,0
DA:210,0
DA:211,0
DA:214,0
DA:215,0
DA:217,0
DA:218,0
DA:219,0
DA:221,0
DA:222,0
DA:223,0
DA:226,0
DA:227,0
DA:231,0
DA:236,0
DA:239,0
DA:241,0
DA:243,0
DA:248,0
DA:251,0
DA:253,0
DA:257,0
DA:261,1
LF:83
LH:15
BRDA:14,0,0,0
BRDA:14,0,1,1
BRDA:18,1,0,1
BRDA:18,1,1,1
BRDA:20,2,0,0
BRDA:20,2,1,1
BRDA:20,3,0,1
BRDA:20,3,1,1
BRDA:24,4,0,1
BRDA:24,4,1,0
BRDA:25,5,0,1
BRDA:25,5,1,0
BRDA:25,5,2,0
BRDA:38,6,0,0
BRDA:38,6,1,1
BRDA:42,7,0,0
BRDA:42,7,1,1
BRDA:46,8,0,0
BRDA:46,8,1,1
BRDA:69,9,0,0
BRDA:70,10,0,0
BRDA:70,10,1,0
BRDA:73,11,0,0
BRDA:73,11,1,0
BRDA:76,12,0,0
BRDA:76,12,1,0
BRDA:79,13,0,0
BRDA:79,13,1,0
BRDA:83,14,0,0
BRDA:83,14,1,0
BRDA:97,15,0,0
BRDA:101,16,0,0
BRDA:101,16,1,0
BRDA:108,17,0,0
BRDA:108,17,1,0
BRDA:111,18,0,0
BRDA:111,18,1,0
BRDA:129,19,0,0
BRDA:129,19,1,0
BRDA:138,20,0,0
BRDA:138,20,1,0
BRDA:141,21,0,0
BRDA:141,21,1,0
BRDA:144,22,0,0
BRDA:144,22,1,0
BRDA:151,23,0,0
BRDA:151,24,0,0
BRDA:154,25,0,0
BRDA:154,25,1,0
BRDA:168,26,0,0
BRDA:168,26,1,0
BRDA:172,27,0,0
BRDA:172,27,1,0
BRDA:176,28,0,0
BRDA:176,28,1,0
BRDA:180,29,0,0
BRDA:180,29,1,0
BRDA:187,30,0,0
BRDA:187,30,1,0
BRDA:187,31,0,0
BRDA:187,31,1,0
BRDA:188,32,0,0
BRDA:188,32,1,0
BRDA:196,33,0,0
BRDA:196,33,1,0
BRDA:210,34,0,0
BRDA:210,34,1,0
BRDA:221,35,0,0
BRDA:221,35,1,0
BRDA:226,36,0,0
BRDA:226,36,1,0
BRDA:231,37,0,0
BRDA:231,37,1,0
BRDA:232,38,0,0
BRDA:232,38,1,0
BRDA:232,38,2,0
BRDA:243,39,0,0
BRDA:243,39,1,0
BRDA:244,40,0,0
BRDA:244,40,1,0
BRDA:244,40,2,0
BRF:81
BRH:11
end_of_record
TN:
SF:src/database/repositories/ConversationRepository.js
FN:5,(anonymous_0)
FN:13,(anonymous_1)
FN:30,(anonymous_2)
FN:43,(anonymous_3)
FNF:4
FNH:0
FNDA:0,(anonymous_0)
FNDA:0,(anonymous_1)
FNDA:0,(anonymous_2)
FNDA:0,(anonymous_3)
DA:1,1
DA:7,0
DA:15,0
DA:32,0
DA:45,0
DA:50,0
DA:52,0
DA:59,0
DA:65,1
LF:9
LH:2
BRDA:50,0,0,0
BRDA:50,0,1,0
BRF:2
BRH:0
end_of_record
TN:
SF:src/database/repositories/MessageRepository.js
FN:5,(anonymous_0)
FN:31,(anonymous_1)
FN:47,(anonymous_2)
FN:57,(anonymous_3)
FNF:4
FNH:0
FNDA:0,(anonymous_0)
FNDA:0,(anonymous_1)
FNDA:0,(anonymous_2)
FNDA:0,(anonymous_3)
DA:1,1
DA:15,0
DA:33,0
DA:47,0
DA:59,0
DA:71,1
LF:6
LH:2
BRDA:31,0,0,0
BRF:1
BRH:0
end_of_record
TN:
SF:src/providers/ProviderManager.js
FN:3,(anonymous_0)
FN:11,(anonymous_1)
FN:28,(anonymous_2)
FN:34,(anonymous_3)
FN:48,(anonymous_4)
FN:76,(anonymous_5)
FN:82,(anonymous_6)
FN:101,(anonymous_7)
FN:110,(anonymous_8)
FN:116,(anonymous_9)
FN:125,(anonymous_10)
FNF:11
FNH:11
FNDA:2,(anonymous_0)
FNDA:1,(anonymous_1)
FNDA:1,(anonymous_2)
FNDA:1,(anonymous_3)
FNDA:5,(anonymous_4)
FNDA:1,(anonymous_5)
FNDA:1,(anonymous_6)
FNDA:2,(anonymous_7)
FNDA:1,(anonymous_8)
FNDA:1,(anonymous_9)
FNDA:1,(anonymous_10)
DA:5,2
DA:7,2
DA:13,1
DA:15,1
DA:21,0
DA:30,1
DA:36,1
DA:38,1
DA:44,0
DA:51,5
DA:53,5
DA:55,4
DA:62,1
DA:64,1
DA:66,1
DA:72,0
DA:78,1
DA:84,1
DA:89,0
DA:93,0
DA:104,2
DA:106,0
DA:112,1
DA:119,1
DA:121,0
DA:127,1
DA:129,1
DA:134,0
DA:140,1
DA:146,2
LF:30
LH:22
BRDA:13,0,0,1
BRDA:13,0,1,0
BRDA:13,1,0,1
BRDA:13,1,1,1
BRDA:36,2,0,1
BRDA:36,2,1,0
BRDA:48,3,0,4
BRDA:51,4,0,5
BRDA:51,4,1,4
BRDA:53,5,0,4
BRDA:53,5,1,1
BRDA:64,6,0,1
BRDA:64,6,1,0
BRDA:89,7,0,0
BRDA:89,7,1,0
BRDA:101,8,0,0
BRDA:110,9,0,0
BRDA:116,10,0,0
BRF:18
BRH:10
end_of_record
TN:
SF:src/routing/AgentRouter.js
FN:5,(anonymous_0)
FN:106,(anonymous_1)
FN:114,(anonymous_2)
FN:124,(anonymous_3)
FN:125,(anonymous_4)
FNF:5
FNH:5
FNDA:29,(anonymous_0)
FNDA:2,(anonymous_1)
FNDA:27,(anonymous_2)
FNDA:57,(anonymous_3)
FNDA:765,(anonymous_4)
DA:1,3
DA:17,29
DA:18,2
DA:19,1
DA:21,1
DA:29,27
DA:30,0
DA:33,27
DA:45,27
DA:58,27
DA:59,10
DA:67,17
DA:72,17
DA:73,4
DA:83,13
DA:94,13
DA:95,11
DA:103,2
DA:107,2
DA:108,1
DA:111,1
DA:115,27
DA:117,27
DA:118,0
DA:121,27
DA:125,765
DA:129,3
LF:27
LH:25
BRDA:9,0,0,27
BRDA:17,1,0,2
BRDA:17,1,1,27
BRDA:18,2,0,1
BRDA:18,2,1,1
BRDA:29,3,0,0
BRDA:29,3,1,27
BRDA:29,4,0,27
BRDA:29,4,1,27
BRDA:58,5,0,10
BRDA:58,5,1,17
BRDA:72,6,0,4
BRDA:72,6,1,13
BRDA:94,7,0,11
BRDA:94,7,1,2
BRDA:107,8,0,1
BRDA:107,8,1,1
BRDA:107,9,0,2
BRDA:107,9,1,1
BRDA:107,9,2,1
BRDA:117,10,0,0
BRDA:117,10,1,27
BRF:22
BRH:20
end_of_record
TN:
SF:src/services/TenantService.js
FN:6,(anonymous_0)
FNF:1
FNH:0
FNDA:0,(anonymous_0)
DA:2,1
DA:10,0
DA:12,0
DA:19,0
DA:30,0
DA:32,0
DA:38,0
DA:40,0
DA:46,0
DA:52,1
LF:10
LH:2
BRDA:10,0,0,0
BRDA:10,0,1,0
BRDA:30,1,0,0
BRDA:30,1,1,0
BRDA:38,2,0,0
BRDA:38,2,1,0
BRF:6
BRH:0
end_of_record
TN:
SF:src/services/UserService.js
FN:4,(anonymous_0)
FN:37,(anonymous_1)
FN:52,(anonymous_2)
FNF:3
FNH:0
FNDA:0,(anonymous_0)
FNDA:0,(anonymous_1)
FNDA:0,(anonymous_2)
DA:1,1
DA:5,0
DA:6,0
DA:9,0
DA:10,0
DA:13,0
DA:21,0
DA:22,0
DA:31,0
DA:34,0
DA:38,0
DA:39,0
DA:42,0
DA:53,0
DA:54,0
DA:57,0
DA:68,1
LF:17
LH:2
BRDA:4,0,0,0
BRDA:4,1,0,0
BRDA:5,2,0,0
BRDA:5,2,1,0
BRDA:9,3,0,0
BRDA:9,3,1,0
BRDA:21,4,0,0
BRDA:21,4,1,0
BRDA:26,5,0,0
BRDA:26,5,1,0
BRDA:38,6,0,0
BRDA:38,6,1,0
BRDA:53,7,0,0
BRDA:53,7,1,0
BRF:14
BRH:0
end_of_record
TN:
SF:src/tools/deliveryTools.js
FN:8,getDeliveryStatusTool
FNF:1
FNH:0
FNDA:0,getDeliveryStatusTool
DA:1,1
DA:3,1
DA:9,0
DA:10,0
DA:11,0
DA:17,0
DA:34,0
DA:35,0
DA:42,0
DA:43,0
DA:52,0
DA:57,0
DA:58,0
DA:68,0
DA:70,0
DA:87,0
DA:88,0
DA:96,1
DA:117,1
LF:19
LH:4
BRDA:10,0,0,0
BRDA:10,0,1,0
BRDA:10,1,0,0
BRDA:10,1,1,0
BRDA:19,2,0,0
BRDA:19,2,1,0
BRDA:20,3,0,0
BRDA:20,3,1,0
BRDA:34,4,0,0
BRDA:34,4,1,0
BRDA:42,5,0,0
BRDA:42,5,1,0
BRDA:42,6,0,0
BRDA:42,6,1,0
BRDA:57,7,0,0
BRDA:57,7,1,0
BRDA:76,8,0,0
BRDA:76,8,1,0
BRDA:77,9,0,0
BRDA:77,9,1,0
BRF:20
BRH:0
end_of_record
